{"name":"hexo","hostname":"Seine-PC","pid":5148,"level":20,"msg":"Hexo version: \u001b[35m3.1.1\u001b[39m","time":"2016-03-16T06:17:01.273Z","v":0}
{"name":"hexo","hostname":"Seine-PC","pid":5148,"level":20,"msg":"Working directory: \u001b[35m~\\Documents\\GitHub\\next\\\u001b[39m","time":"2016-03-16T06:17:01.283Z","v":0}
{"name":"hexo","hostname":"Seine-PC","pid":5148,"level":20,"msg":"Config loaded: \u001b[35m~\\Documents\\GitHub\\next\\_config.yml\u001b[39m","time":"2016-03-16T06:17:01.488Z","v":0}
{"name":"hexo","hostname":"Seine-PC","pid":5148,"level":20,"msg":"Plugin loaded: \u001b[35mhexo-generator-archive\u001b[39m","time":"2016-03-16T06:17:02.165Z","v":0}
{"name":"hexo","hostname":"Seine-PC","pid":5148,"level":20,"msg":"Plugin loaded: \u001b[35mhexo-generator-index\u001b[39m","time":"2016-03-16T06:17:02.166Z","v":0}
{"name":"hexo","hostname":"Seine-PC","pid":5148,"level":20,"msg":"Plugin loaded: \u001b[35mhexo-generator-category\u001b[39m","time":"2016-03-16T06:17:02.167Z","v":0}
{"name":"hexo","hostname":"Seine-PC","pid":5148,"level":20,"msg":"Plugin loaded: \u001b[35mhexo-generator-tag\u001b[39m","time":"2016-03-16T06:17:02.167Z","v":0}
{"name":"hexo","hostname":"Seine-PC","pid":5148,"level":20,"msg":"Plugin loaded: \u001b[35mhexo-renderer-ejs\u001b[39m","time":"2016-03-16T06:17:02.168Z","v":0}
{"name":"hexo","hostname":"Seine-PC","pid":5148,"level":20,"msg":"Plugin loaded: \u001b[35mhexo-renderer-stylus\u001b[39m","time":"2016-03-16T06:17:02.169Z","v":0}
{"name":"hexo","hostname":"Seine-PC","pid":5148,"level":20,"msg":"Plugin loaded: \u001b[35mhexo-renderer-marked\u001b[39m","time":"2016-03-16T06:17:02.170Z","v":0}
{"name":"hexo","hostname":"Seine-PC","pid":5148,"level":20,"msg":"Plugin loaded: \u001b[35mhexo-server\u001b[39m","time":"2016-03-16T06:17:02.172Z","v":0}
{"name":"hexo","hostname":"Seine-PC","pid":5148,"level":20,"msg":"Script loaded: \u001b[35mthemes\\hexo-theme-next-master\\scripts\\filters\\sticky.js\u001b[39m","time":"2016-03-16T06:17:02.173Z","v":0}
{"name":"hexo","hostname":"Seine-PC","pid":5148,"level":20,"msg":"Script loaded: \u001b[35mthemes\\hexo-theme-next-master\\scripts\\merge-configs.js\u001b[39m","time":"2016-03-16T06:17:02.174Z","v":0}
{"name":"hexo","hostname":"Seine-PC","pid":5148,"level":20,"msg":"Script loaded: \u001b[35mthemes\\hexo-theme-next-master\\scripts\\tags\\center-quote.js\u001b[39m","time":"2016-03-16T06:17:02.175Z","v":0}
{"name":"hexo","hostname":"Seine-PC","pid":5148,"level":20,"msg":"Script loaded: \u001b[35mthemes\\hexo-theme-next-master\\scripts\\tags\\full-image.js\u001b[39m","time":"2016-03-16T06:17:02.175Z","v":0}
{"name":"hexo","hostname":"Seine-PC","pid":5148,"level":20,"msg":"Script loaded: \u001b[35mthemes\\hexo-theme-next-master\\scripts\\tags\\group-pictures.js\u001b[39m","time":"2016-03-16T06:17:02.179Z","v":0}
{"name":"hexo","hostname":"Seine-PC","pid":5148,"level":20,"msg":"Loading database.","time":"2016-03-16T06:17:02.204Z","v":0}
{"name":"hexo","hostname":"Seine-PC","pid":5148,"level":20,"msg":"Added: \u001b[35msource/_posts/2015-06-24-MyFirstBlog.md\u001b[39m","time":"2016-03-16T06:17:02.378Z","v":0}
{"name":"hexo","hostname":"Seine-PC","pid":5148,"level":20,"msg":"Added: \u001b[35msource/_posts/2015-06-25-HadoopSetup.md\u001b[39m","time":"2016-03-16T06:17:02.381Z","v":0}
{"name":"hexo","hostname":"Seine-PC","pid":5148,"level":20,"msg":"Added: \u001b[35msource/_posts/2015-06-26-Positive_Energy.md\u001b[39m","time":"2016-03-16T06:17:02.383Z","v":0}
{"name":"hexo","hostname":"Seine-PC","pid":5148,"level":20,"msg":"Added: \u001b[35msource/_posts/2015-08-12-WriteAndChange.md\u001b[39m","time":"2016-03-16T06:17:02.384Z","v":0}
{"name":"hexo","hostname":"Seine-PC","pid":5148,"level":20,"msg":"Added: \u001b[35msource/_posts/2015-09-08-Web1.md\u001b[39m","time":"2016-03-16T06:17:02.384Z","v":0}
{"name":"hexo","hostname":"Seine-PC","pid":5148,"level":20,"msg":"Added: \u001b[35msource/_posts/2015-09-15-Web2.md\u001b[39m","time":"2016-03-16T06:17:02.385Z","v":0}
{"name":"hexo","hostname":"Seine-PC","pid":5148,"level":20,"msg":"Added: \u001b[35msource/_posts/2015-09-29-Web4.md\u001b[39m","time":"2016-03-16T06:17:02.386Z","v":0}
{"name":"hexo","hostname":"Seine-PC","pid":5148,"level":20,"msg":"Added: \u001b[35msource/_posts/2015-10-23-JavaRandom.md\u001b[39m","time":"2016-03-16T06:17:02.387Z","v":0}
{"name":"hexo","hostname":"Seine-PC","pid":5148,"level":20,"msg":"Added: \u001b[35msource/_posts/2015-11-25-SigmaPlot.md\u001b[39m","time":"2016-03-16T06:17:02.387Z","v":0}
{"name":"hexo","hostname":"Seine-PC","pid":5148,"level":20,"msg":"Added: \u001b[35msource/_posts/2015-12-26-Mathematica.md\u001b[39m","time":"2016-03-16T06:17:02.388Z","v":0}
{"name":"hexo","hostname":"Seine-PC","pid":5148,"level":20,"msg":"Added: \u001b[35msource/_posts/2016-03-02-WindowsWithUbuntu.md\u001b[39m","time":"2016-03-16T06:17:02.389Z","v":0}
{"name":"hexo","hostname":"Seine-PC","pid":5148,"level":20,"msg":"Added: \u001b[35msource/_posts/2016-03-03-NewHadoopSetup.md\u001b[39m","time":"2016-03-16T06:17:02.390Z","v":0}
{"name":"hexo","hostname":"Seine-PC","pid":5148,"level":20,"msg":"Added: \u001b[35msource/about/index.md\u001b[39m","time":"2016-03-16T06:17:02.391Z","v":0}
{"name":"hexo","hostname":"Seine-PC","pid":5148,"level":20,"msg":"Added: \u001b[35msource/categories/index.md\u001b[39m","time":"2016-03-16T06:17:02.391Z","v":0}
{"name":"hexo","hostname":"Seine-PC","pid":5148,"level":20,"msg":"Added: \u001b[35msource/images/1.jpg\u001b[39m","time":"2016-03-16T06:17:02.392Z","v":0}
{"name":"hexo","hostname":"Seine-PC","pid":5148,"level":20,"msg":"Added: \u001b[35msource/images/2.jpg\u001b[39m","time":"2016-03-16T06:17:02.393Z","v":0}
{"name":"hexo","hostname":"Seine-PC","pid":5148,"level":20,"msg":"Added: \u001b[35msource/images/3.jpg\u001b[39m","time":"2016-03-16T06:17:02.395Z","v":0}
{"name":"hexo","hostname":"Seine-PC","pid":5148,"level":20,"msg":"Added: \u001b[35msource/images/4.jpg\u001b[39m","time":"2016-03-16T06:17:02.396Z","v":0}
{"name":"hexo","hostname":"Seine-PC","pid":5148,"level":20,"msg":"Added: \u001b[35msource/_posts/2015-12-12-Markdown语法及规范.md\u001b[39m","time":"2016-03-16T06:17:02.398Z","v":0}
{"name":"hexo","hostname":"Seine-PC","pid":5148,"level":20,"msg":"Added: \u001b[35msource/images/6.jpg\u001b[39m","time":"2016-03-16T06:17:02.399Z","v":0}
{"name":"hexo","hostname":"Seine-PC","pid":5148,"level":20,"msg":"Added: \u001b[35msource/_posts/2015-09-22-Web3.md\u001b[39m","time":"2016-03-16T06:17:02.400Z","v":0}
{"name":"hexo","hostname":"Seine-PC","pid":5148,"level":20,"msg":"Added: \u001b[35msource/_posts/2015-10-10-Web5.md\u001b[39m","time":"2016-03-16T06:17:02.402Z","v":0}
{"name":"hexo","hostname":"Seine-PC","pid":5148,"level":20,"msg":"Added: \u001b[35msource/images/5.jpg\u001b[39m","time":"2016-03-16T06:17:02.403Z","v":0}
{"name":"hexo","hostname":"Seine-PC","pid":5148,"level":20,"msg":"Added: \u001b[35msource/images/7.jpg\u001b[39m","time":"2016-03-16T06:17:02.406Z","v":0}
{"name":"hexo","hostname":"Seine-PC","pid":5148,"level":20,"msg":"Added: \u001b[35msource/images/rss.png\u001b[39m","time":"2016-03-16T06:17:02.407Z","v":0}
{"name":"hexo","hostname":"Seine-PC","pid":5148,"level":20,"msg":"Added: \u001b[35msource/images/tools/Mathematica.png\u001b[39m","time":"2016-03-16T06:17:02.408Z","v":0}
{"name":"hexo","hostname":"Seine-PC","pid":5148,"level":20,"msg":"Added: \u001b[35msource/images/web5/1.gif\u001b[39m","time":"2016-03-16T06:17:02.410Z","v":0}
{"name":"hexo","hostname":"Seine-PC","pid":5148,"level":20,"msg":"Added: \u001b[35msource/images/web5/1.png\u001b[39m","time":"2016-03-16T06:17:02.411Z","v":0}
{"name":"hexo","hostname":"Seine-PC","pid":5148,"level":20,"msg":"Added: \u001b[35msource/images/web5/2.png\u001b[39m","time":"2016-03-16T06:17:02.422Z","v":0}
{"name":"hexo","hostname":"Seine-PC","pid":5148,"level":20,"msg":"Added: \u001b[35msource/images/web5/2.gif\u001b[39m","time":"2016-03-16T06:17:02.423Z","v":0}
{"name":"hexo","hostname":"Seine-PC","pid":5148,"level":20,"msg":"Added: \u001b[35msource/images/web5/3.gif\u001b[39m","time":"2016-03-16T06:17:02.423Z","v":0}
{"name":"hexo","hostname":"Seine-PC","pid":5148,"level":20,"msg":"Added: \u001b[35msource/images/web2/example.png\u001b[39m","time":"2016-03-16T06:17:02.424Z","v":0}
{"name":"hexo","hostname":"Seine-PC","pid":5148,"level":20,"msg":"Added: \u001b[35msource/images/web5/3.png\u001b[39m","time":"2016-03-16T06:17:02.425Z","v":0}
{"name":"hexo","hostname":"Seine-PC","pid":5148,"level":20,"msg":"Added: \u001b[35msource/images/web5/4.png\u001b[39m","time":"2016-03-16T06:17:02.426Z","v":0}
{"name":"hexo","hostname":"Seine-PC","pid":5148,"level":20,"msg":"Added: \u001b[35msource/images/web5/4.gif\u001b[39m","time":"2016-03-16T06:17:02.427Z","v":0}
{"name":"hexo","hostname":"Seine-PC","pid":5148,"level":20,"msg":"Added: \u001b[35msource/images/web5/5.png\u001b[39m","time":"2016-03-16T06:17:02.428Z","v":0}
{"name":"hexo","hostname":"Seine-PC","pid":5148,"level":20,"msg":"Added: \u001b[35msource/images/web5/5.gif\u001b[39m","time":"2016-03-16T06:17:02.429Z","v":0}
{"name":"hexo","hostname":"Seine-PC","pid":5148,"level":20,"msg":"Added: \u001b[35msource/tags/index.md\u001b[39m","time":"2016-03-16T06:17:02.429Z","v":0}
{"name":"hexo","hostname":"Seine-PC","pid":5148,"level":20,"msg":"Added: \u001b[35msource/images/web5/6.gif\u001b[39m","time":"2016-03-16T06:17:02.430Z","v":0}
{"name":"hexo","hostname":"Seine-PC","pid":5148,"level":20,"msg":"Added: \u001b[35msource/images/web5/7.gif\u001b[39m","time":"2016-03-16T06:17:02.430Z","v":0}
{"name":"hexo","hostname":"Seine-PC","pid":5148,"level":20,"msg":"Added: \u001b[35msource/images/Editplus.png\u001b[39m","time":"2016-03-16T06:17:02.444Z","v":0}
{"name":"hexo","hostname":"Seine-PC","pid":5148,"level":20,"msg":"Added: \u001b[35msource/images/tools/mathematics10_3.png\u001b[39m","time":"2016-03-16T06:17:02.445Z","v":0}
{"name":"hexo","hostname":"Seine-PC","pid":5148,"level":20,"msg":"Added: \u001b[35msource/images/web5/8.gif\u001b[39m","time":"2016-03-16T06:17:02.446Z","v":0}
{"name":"hexo","hostname":"Seine-PC","pid":5148,"level":20,"msg":"Added: \u001b[35msource/images/tools/SigmaPlot.png\u001b[39m","time":"2016-03-16T06:17:02.460Z","v":0}
{"name":"hexo","hostname":"Seine-PC","pid":5148,"level":20,"msg":"Added: \u001b[35msource/images/snow.png\u001b[39m","time":"2016-03-16T06:17:02.464Z","v":0}
{"name":"hexo","hostname":"Seine-PC","pid":5148,"level":20,"msg":"Added: \u001b[35msource/images/ubuntu1510/Ubuntu1510.png\u001b[39m","time":"2016-03-16T06:17:02.475Z","v":0}
{"name":"hexo","hostname":"Seine-PC","pid":5148,"level":20,"msg":"Added: \u001b[35mthemes/hexo-theme-next-master/source/css/_common/_page/home.styl\u001b[39m","time":"2016-03-16T06:17:02.576Z","v":0}
{"name":"hexo","hostname":"Seine-PC","pid":5148,"level":20,"msg":"Added: \u001b[35mthemes/hexo-theme-next-master/source/css/_mixins/Mist.styl\u001b[39m","time":"2016-03-16T06:17:02.577Z","v":0}
{"name":"hexo","hostname":"Seine-PC","pid":5148,"level":20,"msg":"Added: \u001b[35mthemes/hexo-theme-next-master/source/css/_mixins/custom.styl\u001b[39m","time":"2016-03-16T06:17:02.579Z","v":0}
{"name":"hexo","hostname":"Seine-PC","pid":5148,"level":20,"msg":"Added: \u001b[35mthemes/hexo-theme-next-master/source/css/_mixins/default.styl\u001b[39m","time":"2016-03-16T06:17:02.579Z","v":0}
{"name":"hexo","hostname":"Seine-PC","pid":5148,"level":20,"msg":"Added: \u001b[35mthemes/hexo-theme-next-master/source/css/_variables/custom.styl\u001b[39m","time":"2016-03-16T06:17:02.580Z","v":0}
{"name":"hexo","hostname":"Seine-PC","pid":5148,"level":20,"msg":"Added: \u001b[35mthemes/hexo-theme-next-master/README.md\u001b[39m","time":"2016-03-16T06:17:02.612Z","v":0}
{"name":"hexo","hostname":"Seine-PC","pid":5148,"level":20,"msg":"Added: \u001b[35mthemes/hexo-theme-next-master/README.en.md\u001b[39m","time":"2016-03-16T06:17:02.614Z","v":0}
{"name":"hexo","hostname":"Seine-PC","pid":5148,"level":20,"msg":"Added: \u001b[35mthemes/hexo-theme-next-master/_config.yml\u001b[39m","time":"2016-03-16T06:17:02.615Z","v":0}
{"name":"hexo","hostname":"Seine-PC","pid":5148,"level":20,"msg":"Added: \u001b[35mthemes/hexo-theme-next-master/bower.json\u001b[39m","time":"2016-03-16T06:17:02.617Z","v":0}
{"name":"hexo","hostname":"Seine-PC","pid":5148,"level":20,"msg":"Added: \u001b[35mthemes/hexo-theme-next-master/languages/de.yml\u001b[39m","time":"2016-03-16T06:17:02.618Z","v":0}
{"name":"hexo","hostname":"Seine-PC","pid":5148,"level":20,"msg":"Added: \u001b[35mthemes/hexo-theme-next-master/languages/default.yml\u001b[39m","time":"2016-03-16T06:17:02.618Z","v":0}
{"name":"hexo","hostname":"Seine-PC","pid":5148,"level":20,"msg":"Added: \u001b[35mthemes/hexo-theme-next-master/languages/en.yml\u001b[39m","time":"2016-03-16T06:17:02.621Z","v":0}
{"name":"hexo","hostname":"Seine-PC","pid":5148,"level":20,"msg":"Added: \u001b[35mthemes/hexo-theme-next-master/languages/fr-FR.yml\u001b[39m","time":"2016-03-16T06:17:02.621Z","v":0}
{"name":"hexo","hostname":"Seine-PC","pid":5148,"level":20,"msg":"Added: \u001b[35mthemes/hexo-theme-next-master/languages/pt.yml\u001b[39m","time":"2016-03-16T06:17:02.622Z","v":0}
{"name":"hexo","hostname":"Seine-PC","pid":5148,"level":20,"msg":"Added: \u001b[35mthemes/hexo-theme-next-master/languages/ru.yml\u001b[39m","time":"2016-03-16T06:17:02.623Z","v":0}
{"name":"hexo","hostname":"Seine-PC","pid":5148,"level":20,"msg":"Added: \u001b[35mthemes/hexo-theme-next-master/languages/zh-hk.yml\u001b[39m","time":"2016-03-16T06:17:02.624Z","v":0}
{"name":"hexo","hostname":"Seine-PC","pid":5148,"level":20,"msg":"Added: \u001b[35mthemes/hexo-theme-next-master/languages/zh-Hans.yml\u001b[39m","time":"2016-03-16T06:17:02.625Z","v":0}
{"name":"hexo","hostname":"Seine-PC","pid":5148,"level":20,"msg":"Added: \u001b[35mthemes/hexo-theme-next-master/languages/zh-tw.yml\u001b[39m","time":"2016-03-16T06:17:02.629Z","v":0}
{"name":"hexo","hostname":"Seine-PC","pid":5148,"level":20,"msg":"Added: \u001b[35mthemes/hexo-theme-next-master/layout/_layout.swig\u001b[39m","time":"2016-03-16T06:17:02.630Z","v":0}
{"name":"hexo","hostname":"Seine-PC","pid":5148,"level":20,"msg":"Added: \u001b[35mthemes/hexo-theme-next-master/layout/_macro/post-collapse.swig\u001b[39m","time":"2016-03-16T06:17:02.632Z","v":0}
{"name":"hexo","hostname":"Seine-PC","pid":5148,"level":20,"msg":"Added: \u001b[35mthemes/hexo-theme-next-master/layout/_partials/comments.swig\u001b[39m","time":"2016-03-16T06:17:02.635Z","v":0}
{"name":"hexo","hostname":"Seine-PC","pid":5148,"level":20,"msg":"Added: \u001b[35mthemes/hexo-theme-next-master/layout/_macro/post.swig\u001b[39m","time":"2016-03-16T06:17:02.636Z","v":0}
{"name":"hexo","hostname":"Seine-PC","pid":5148,"level":20,"msg":"Added: \u001b[35mthemes/hexo-theme-next-master/layout/_partials/duoshuo-hot-articles.swig\u001b[39m","time":"2016-03-16T06:17:02.638Z","v":0}
{"name":"hexo","hostname":"Seine-PC","pid":5148,"level":20,"msg":"Added: \u001b[35mthemes/hexo-theme-next-master/layout/_macro/sidebar.swig\u001b[39m","time":"2016-03-16T06:17:02.639Z","v":0}
{"name":"hexo","hostname":"Seine-PC","pid":5148,"level":20,"msg":"Added: \u001b[35mthemes/hexo-theme-next-master/layout/_partials/footer.swig\u001b[39m","time":"2016-03-16T06:17:02.639Z","v":0}
{"name":"hexo","hostname":"Seine-PC","pid":5148,"level":20,"msg":"Added: \u001b[35mthemes/hexo-theme-next-master/layout/_partials/head.swig\u001b[39m","time":"2016-03-16T06:17:02.640Z","v":0}
{"name":"hexo","hostname":"Seine-PC","pid":5148,"level":20,"msg":"Added: \u001b[35mthemes/hexo-theme-next-master/layout/_partials/header.swig\u001b[39m","time":"2016-03-16T06:17:02.641Z","v":0}
{"name":"hexo","hostname":"Seine-PC","pid":5148,"level":20,"msg":"Added: \u001b[35mthemes/hexo-theme-next-master/layout/_partials/old-browsers.swig\u001b[39m","time":"2016-03-16T06:17:02.642Z","v":0}
{"name":"hexo","hostname":"Seine-PC","pid":5148,"level":20,"msg":"Added: \u001b[35mthemes/hexo-theme-next-master/layout/_partials/pagination.swig\u001b[39m","time":"2016-03-16T06:17:02.643Z","v":0}
{"name":"hexo","hostname":"Seine-PC","pid":5148,"level":20,"msg":"Added: \u001b[35mthemes/hexo-theme-next-master/layout/_partials/search/swiftype.swig\u001b[39m","time":"2016-03-16T06:17:02.644Z","v":0}
{"name":"hexo","hostname":"Seine-PC","pid":5148,"level":20,"msg":"Added: \u001b[35mthemes/hexo-theme-next-master/layout/_partials/search/tinysou.swig\u001b[39m","time":"2016-03-16T06:17:02.645Z","v":0}
{"name":"hexo","hostname":"Seine-PC","pid":5148,"level":20,"msg":"Added: \u001b[35mthemes/hexo-theme-next-master/layout/_partials/search.swig\u001b[39m","time":"2016-03-16T06:17:02.647Z","v":0}
{"name":"hexo","hostname":"Seine-PC","pid":5148,"level":20,"msg":"Added: \u001b[35mthemes/hexo-theme-next-master/layout/_scripts/analytics/baidu-analytics.swig\u001b[39m","time":"2016-03-16T06:17:02.648Z","v":0}
{"name":"hexo","hostname":"Seine-PC","pid":5148,"level":20,"msg":"Added: \u001b[35mthemes/hexo-theme-next-master/layout/_partials/share/duoshuo_share.swig\u001b[39m","time":"2016-03-16T06:17:02.648Z","v":0}
{"name":"hexo","hostname":"Seine-PC","pid":5148,"level":20,"msg":"Added: \u001b[35mthemes/hexo-theme-next-master/layout/_scripts/analytics/facebook-sdk.swig\u001b[39m","time":"2016-03-16T06:17:02.649Z","v":0}
{"name":"hexo","hostname":"Seine-PC","pid":5148,"level":20,"msg":"Added: \u001b[35mthemes/hexo-theme-next-master/layout/_partials/share/jiathis.swig\u001b[39m","time":"2016-03-16T06:17:02.651Z","v":0}
{"name":"hexo","hostname":"Seine-PC","pid":5148,"level":20,"msg":"Added: \u001b[35mthemes/hexo-theme-next-master/layout/_scripts/analytics/google-analytics.swig\u001b[39m","time":"2016-03-16T06:17:02.653Z","v":0}
{"name":"hexo","hostname":"Seine-PC","pid":5148,"level":20,"msg":"Added: \u001b[35mthemes/hexo-theme-next-master/layout/_scripts/analytics.swig\u001b[39m","time":"2016-03-16T06:17:02.654Z","v":0}
{"name":"hexo","hostname":"Seine-PC","pid":5148,"level":20,"msg":"Added: \u001b[35mthemes/hexo-theme-next-master/layout/_scripts/baidushare.swig\u001b[39m","time":"2016-03-16T06:17:02.655Z","v":0}
{"name":"hexo","hostname":"Seine-PC","pid":5148,"level":20,"msg":"Added: \u001b[35mthemes/hexo-theme-next-master/layout/_scripts/bootstrap.scrollspy.swig\u001b[39m","time":"2016-03-16T06:17:02.655Z","v":0}
{"name":"hexo","hostname":"Seine-PC","pid":5148,"level":20,"msg":"Added: \u001b[35mthemes/hexo-theme-next-master/layout/_scripts/fancy-box.swig\u001b[39m","time":"2016-03-16T06:17:02.656Z","v":0}
{"name":"hexo","hostname":"Seine-PC","pid":5148,"level":20,"msg":"Added: \u001b[35mthemes/hexo-theme-next-master/layout/_scripts/comments/disqus.swig\u001b[39m","time":"2016-03-16T06:17:02.657Z","v":0}
{"name":"hexo","hostname":"Seine-PC","pid":5148,"level":20,"msg":"Added: \u001b[35mthemes/hexo-theme-next-master/layout/_scripts/helpers.swig\u001b[39m","time":"2016-03-16T06:17:02.658Z","v":0}
{"name":"hexo","hostname":"Seine-PC","pid":5148,"level":20,"msg":"Added: \u001b[35mthemes/hexo-theme-next-master/layout/_scripts/comments/duoshuo.swig\u001b[39m","time":"2016-03-16T06:17:02.659Z","v":0}
{"name":"hexo","hostname":"Seine-PC","pid":5148,"level":20,"msg":"Added: \u001b[35mthemes/hexo-theme-next-master/layout/_scripts/motion.swig\u001b[39m","time":"2016-03-16T06:17:02.660Z","v":0}
{"name":"hexo","hostname":"Seine-PC","pid":5148,"level":20,"msg":"Added: \u001b[35mthemes/hexo-theme-next-master/layout/_scripts/mathjax.swig\u001b[39m","time":"2016-03-16T06:17:02.661Z","v":0}
{"name":"hexo","hostname":"Seine-PC","pid":5148,"level":20,"msg":"Added: \u001b[35mthemes/hexo-theme-next-master/layout/_scripts/pages/post-details.swig\u001b[39m","time":"2016-03-16T06:17:02.662Z","v":0}
{"name":"hexo","hostname":"Seine-PC","pid":5148,"level":20,"msg":"Added: \u001b[35mthemes/hexo-theme-next-master/layout/_scripts/tinysou.swig\u001b[39m","time":"2016-03-16T06:17:02.663Z","v":0}
{"name":"hexo","hostname":"Seine-PC","pid":5148,"level":20,"msg":"Added: \u001b[35mthemes/hexo-theme-next-master/layout/archive.swig\u001b[39m","time":"2016-03-16T06:17:02.663Z","v":0}
{"name":"hexo","hostname":"Seine-PC","pid":5148,"level":20,"msg":"Added: \u001b[35mthemes/hexo-theme-next-master/layout/category.swig\u001b[39m","time":"2016-03-16T06:17:02.665Z","v":0}
{"name":"hexo","hostname":"Seine-PC","pid":5148,"level":20,"msg":"Added: \u001b[35mthemes/hexo-theme-next-master/layout/index.swig\u001b[39m","time":"2016-03-16T06:17:02.666Z","v":0}
{"name":"hexo","hostname":"Seine-PC","pid":5148,"level":20,"msg":"Added: \u001b[35mthemes/hexo-theme-next-master/layout/page.swig\u001b[39m","time":"2016-03-16T06:17:02.667Z","v":0}
{"name":"hexo","hostname":"Seine-PC","pid":5148,"level":20,"msg":"Added: \u001b[35mthemes/hexo-theme-next-master/scripts/filters/sticky.js\u001b[39m","time":"2016-03-16T06:17:02.667Z","v":0}
{"name":"hexo","hostname":"Seine-PC","pid":5148,"level":20,"msg":"Added: \u001b[35mthemes/hexo-theme-next-master/scripts/merge-configs.js\u001b[39m","time":"2016-03-16T06:17:02.668Z","v":0}
{"name":"hexo","hostname":"Seine-PC","pid":5148,"level":20,"msg":"Added: \u001b[35mthemes/hexo-theme-next-master/layout/post.swig\u001b[39m","time":"2016-03-16T06:17:02.670Z","v":0}
{"name":"hexo","hostname":"Seine-PC","pid":5148,"level":20,"msg":"Added: \u001b[35mthemes/hexo-theme-next-master/layout/tag.swig\u001b[39m","time":"2016-03-16T06:17:02.671Z","v":0}
{"name":"hexo","hostname":"Seine-PC","pid":5148,"level":20,"msg":"Added: \u001b[35mthemes/hexo-theme-next-master/scripts/tags/center-quote.js\u001b[39m","time":"2016-03-16T06:17:02.671Z","v":0}
{"name":"hexo","hostname":"Seine-PC","pid":5148,"level":20,"msg":"Added: \u001b[35mthemes/hexo-theme-next-master/scripts/tags/full-image.js\u001b[39m","time":"2016-03-16T06:17:02.672Z","v":0}
{"name":"hexo","hostname":"Seine-PC","pid":5148,"level":20,"msg":"Added: \u001b[35mthemes/hexo-theme-next-master/scripts/tags/group-pictures.js\u001b[39m","time":"2016-03-16T06:17:02.673Z","v":0}
{"name":"hexo","hostname":"Seine-PC","pid":5148,"level":20,"msg":"Added: \u001b[35mthemes/hexo-theme-next-master/source/css/_common/_component/back-to-top.styl\u001b[39m","time":"2016-03-16T06:17:02.674Z","v":0}
{"name":"hexo","hostname":"Seine-PC","pid":5148,"level":20,"msg":"Added: \u001b[35mthemes/hexo-theme-next-master/source/css/_common/_component/buttons.styl\u001b[39m","time":"2016-03-16T06:17:02.675Z","v":0}
{"name":"hexo","hostname":"Seine-PC","pid":5148,"level":20,"msg":"Added: \u001b[35mthemes/hexo-theme-next-master/source/css/_common/_component/comments.styl\u001b[39m","time":"2016-03-16T06:17:02.676Z","v":0}
{"name":"hexo","hostname":"Seine-PC","pid":5148,"level":20,"msg":"Added: \u001b[35mthemes/hexo-theme-next-master/source/css/_common/_component/blockquote-center.styl\u001b[39m","time":"2016-03-16T06:17:02.677Z","v":0}
{"name":"hexo","hostname":"Seine-PC","pid":5148,"level":20,"msg":"Added: \u001b[35mthemes/hexo-theme-next-master/source/css/_common/_component/gallery.styl\u001b[39m","time":"2016-03-16T06:17:02.678Z","v":0}
{"name":"hexo","hostname":"Seine-PC","pid":5148,"level":20,"msg":"Added: \u001b[35mthemes/hexo-theme-next-master/source/css/_common/_component/jiathis.styl\u001b[39m","time":"2016-03-16T06:17:02.679Z","v":0}
{"name":"hexo","hostname":"Seine-PC","pid":5148,"level":20,"msg":"Added: \u001b[35mthemes/hexo-theme-next-master/source/css/_common/_component/group-pictures.styl\u001b[39m","time":"2016-03-16T06:17:02.680Z","v":0}
{"name":"hexo","hostname":"Seine-PC","pid":5148,"level":20,"msg":"Added: \u001b[35mthemes/hexo-theme-next-master/source/css/_common/_component/duoshuo.styl\u001b[39m","time":"2016-03-16T06:17:02.682Z","v":0}
{"name":"hexo","hostname":"Seine-PC","pid":5148,"level":20,"msg":"Added: \u001b[35mthemes/hexo-theme-next-master/source/css/_common/_component/pagination.styl\u001b[39m","time":"2016-03-16T06:17:02.683Z","v":0}
{"name":"hexo","hostname":"Seine-PC","pid":5148,"level":20,"msg":"Added: \u001b[35mthemes/hexo-theme-next-master/source/css/_common/_component/posts-type.styl\u001b[39m","time":"2016-03-16T06:17:02.685Z","v":0}
{"name":"hexo","hostname":"Seine-PC","pid":5148,"level":20,"msg":"Added: \u001b[35mthemes/hexo-theme-next-master/source/css/_common/_component/posts-collapse.styl\u001b[39m","time":"2016-03-16T06:17:02.689Z","v":0}
{"name":"hexo","hostname":"Seine-PC","pid":5148,"level":20,"msg":"Added: \u001b[35mthemes/hexo-theme-next-master/source/css/_common/_component/posts.styl\u001b[39m","time":"2016-03-16T06:17:02.691Z","v":0}
{"name":"hexo","hostname":"Seine-PC","pid":5148,"level":20,"msg":"Added: \u001b[35mthemes/hexo-theme-next-master/source/css/_common/_component/posts-expand.styl\u001b[39m","time":"2016-03-16T06:17:02.692Z","v":0}
{"name":"hexo","hostname":"Seine-PC","pid":5148,"level":20,"msg":"Added: \u001b[35mthemes/hexo-theme-next-master/source/css/_common/_component/tag-cloud.styl\u001b[39m","time":"2016-03-16T06:17:02.693Z","v":0}
{"name":"hexo","hostname":"Seine-PC","pid":5148,"level":20,"msg":"Added: \u001b[35mthemes/hexo-theme-next-master/source/css/_common/_core/base.styl\u001b[39m","time":"2016-03-16T06:17:02.694Z","v":0}
{"name":"hexo","hostname":"Seine-PC","pid":5148,"level":20,"msg":"Added: \u001b[35mthemes/hexo-theme-next-master/source/css/_common/_core/helpers.styl\u001b[39m","time":"2016-03-16T06:17:02.695Z","v":0}
{"name":"hexo","hostname":"Seine-PC","pid":5148,"level":20,"msg":"Added: \u001b[35mthemes/hexo-theme-next-master/source/css/_common/_core/normalize.styl\u001b[39m","time":"2016-03-16T06:17:02.697Z","v":0}
{"name":"hexo","hostname":"Seine-PC","pid":5148,"level":20,"msg":"Added: \u001b[35mthemes/hexo-theme-next-master/source/css/_common/_core/scaffolding.styl\u001b[39m","time":"2016-03-16T06:17:02.698Z","v":0}
{"name":"hexo","hostname":"Seine-PC","pid":5148,"level":20,"msg":"Added: \u001b[35mthemes/hexo-theme-next-master/source/css/_common/_core/tables.styl\u001b[39m","time":"2016-03-16T06:17:02.699Z","v":0}
{"name":"hexo","hostname":"Seine-PC","pid":5148,"level":20,"msg":"Added: \u001b[35mthemes/hexo-theme-next-master/source/css/_common/_fonts/icon-default.styl\u001b[39m","time":"2016-03-16T06:17:02.700Z","v":0}
{"name":"hexo","hostname":"Seine-PC","pid":5148,"level":20,"msg":"Added: \u001b[35mthemes/hexo-theme-next-master/source/css/_common/_fonts/icon-feather.styl\u001b[39m","time":"2016-03-16T06:17:02.701Z","v":0}
{"name":"hexo","hostname":"Seine-PC","pid":5148,"level":20,"msg":"Added: \u001b[35mthemes/hexo-theme-next-master/source/css/_common/_fonts/icon-fifty-shades.styl\u001b[39m","time":"2016-03-16T06:17:02.702Z","v":0}
{"name":"hexo","hostname":"Seine-PC","pid":5148,"level":20,"msg":"Added: \u001b[35mthemes/hexo-theme-next-master/source/css/_common/_fonts/icon-font.styl\u001b[39m","time":"2016-03-16T06:17:02.704Z","v":0}
{"name":"hexo","hostname":"Seine-PC","pid":5148,"level":20,"msg":"Added: \u001b[35mthemes/hexo-theme-next-master/source/css/_common/_fonts/icon-linecons.styl\u001b[39m","time":"2016-03-16T06:17:02.705Z","v":0}
{"name":"hexo","hostname":"Seine-PC","pid":5148,"level":20,"msg":"Added: \u001b[35mthemes/hexo-theme-next-master/source/css/_common/_page/archive.styl\u001b[39m","time":"2016-03-16T06:17:02.705Z","v":0}
{"name":"hexo","hostname":"Seine-PC","pid":5148,"level":20,"msg":"Added: \u001b[35mthemes/hexo-theme-next-master/source/css/_common/_page/categories.styl\u001b[39m","time":"2016-03-16T06:17:02.706Z","v":0}
{"name":"hexo","hostname":"Seine-PC","pid":5148,"level":20,"msg":"Added: \u001b[35mthemes/hexo-theme-next-master/source/css/_common/_page/post-detail.styl\u001b[39m","time":"2016-03-16T06:17:02.707Z","v":0}
{"name":"hexo","hostname":"Seine-PC","pid":5148,"level":20,"msg":"Added: \u001b[35mthemes/hexo-theme-next-master/source/css/_common/_section/body.styl\u001b[39m","time":"2016-03-16T06:17:02.708Z","v":0}
{"name":"hexo","hostname":"Seine-PC","pid":5148,"level":20,"msg":"Added: \u001b[35mthemes/hexo-theme-next-master/source/css/_common/_section/footer.styl\u001b[39m","time":"2016-03-16T06:17:02.710Z","v":0}
{"name":"hexo","hostname":"Seine-PC","pid":5148,"level":20,"msg":"Added: \u001b[35mthemes/hexo-theme-next-master/source/css/_common/_section/header.styl\u001b[39m","time":"2016-03-16T06:17:02.711Z","v":0}
{"name":"hexo","hostname":"Seine-PC","pid":5148,"level":20,"msg":"Added: \u001b[35mthemes/hexo-theme-next-master/source/css/_common/_section/media.styl\u001b[39m","time":"2016-03-16T06:17:02.712Z","v":0}
{"name":"hexo","hostname":"Seine-PC","pid":5148,"level":20,"msg":"Added: \u001b[35mthemes/hexo-theme-next-master/source/css/_common/_section/layout.styl\u001b[39m","time":"2016-03-16T06:17:02.713Z","v":0}
{"name":"hexo","hostname":"Seine-PC","pid":5148,"level":20,"msg":"Added: \u001b[35mthemes/hexo-theme-next-master/source/css/_common/_section/sidebar.styl\u001b[39m","time":"2016-03-16T06:17:02.714Z","v":0}
{"name":"hexo","hostname":"Seine-PC","pid":5148,"level":20,"msg":"Added: \u001b[35mthemes/hexo-theme-next-master/source/css/_common/_vendor/highlight/highlight.styl\u001b[39m","time":"2016-03-16T06:17:02.715Z","v":0}
{"name":"hexo","hostname":"Seine-PC","pid":5148,"level":20,"msg":"Added: \u001b[35mthemes/hexo-theme-next-master/source/css/_custom/custom.styl\u001b[39m","time":"2016-03-16T06:17:02.717Z","v":0}
{"name":"hexo","hostname":"Seine-PC","pid":5148,"level":20,"msg":"Added: \u001b[35mthemes/hexo-theme-next-master/source/css/_common/_vendor/highlight/theme.styl\u001b[39m","time":"2016-03-16T06:17:02.718Z","v":0}
{"name":"hexo","hostname":"Seine-PC","pid":5148,"level":20,"msg":"Added: \u001b[35mthemes/hexo-theme-next-master/source/css/_schemes/Mist/_base.styl\u001b[39m","time":"2016-03-16T06:17:02.719Z","v":0}
{"name":"hexo","hostname":"Seine-PC","pid":5148,"level":20,"msg":"Added: \u001b[35mthemes/hexo-theme-next-master/source/css/_mixins/base.styl\u001b[39m","time":"2016-03-16T06:17:02.720Z","v":0}
{"name":"hexo","hostname":"Seine-PC","pid":5148,"level":20,"msg":"Added: \u001b[35mthemes/hexo-theme-next-master/source/css/_schemes/Mist/_logo.styl\u001b[39m","time":"2016-03-16T06:17:02.720Z","v":0}
{"name":"hexo","hostname":"Seine-PC","pid":5148,"level":20,"msg":"Added: \u001b[35mthemes/hexo-theme-next-master/source/css/_schemes/Mist/_header.styl\u001b[39m","time":"2016-03-16T06:17:02.721Z","v":0}
{"name":"hexo","hostname":"Seine-PC","pid":5148,"level":20,"msg":"Added: \u001b[35mthemes/hexo-theme-next-master/source/css/_schemes/Mist/_menu.styl\u001b[39m","time":"2016-03-16T06:17:02.723Z","v":0}
{"name":"hexo","hostname":"Seine-PC","pid":5148,"level":20,"msg":"Added: \u001b[35mthemes/hexo-theme-next-master/source/css/_schemes/Mist/_posts-expanded.styl\u001b[39m","time":"2016-03-16T06:17:02.723Z","v":0}
{"name":"hexo","hostname":"Seine-PC","pid":5148,"level":20,"msg":"Added: \u001b[35mthemes/hexo-theme-next-master/source/css/_schemes/default/_logo.styl\u001b[39m","time":"2016-03-16T06:17:02.724Z","v":0}
{"name":"hexo","hostname":"Seine-PC","pid":5148,"level":20,"msg":"Added: \u001b[35mthemes/hexo-theme-next-master/source/css/_schemes/Mist/index.styl\u001b[39m","time":"2016-03-16T06:17:02.725Z","v":0}
{"name":"hexo","hostname":"Seine-PC","pid":5148,"level":20,"msg":"Added: \u001b[35mthemes/hexo-theme-next-master/source/css/_schemes/default/_menu.styl\u001b[39m","time":"2016-03-16T06:17:02.726Z","v":0}
{"name":"hexo","hostname":"Seine-PC","pid":5148,"level":20,"msg":"Added: \u001b[35mthemes/hexo-theme-next-master/source/css/_schemes/default/index.styl\u001b[39m","time":"2016-03-16T06:17:02.727Z","v":0}
{"name":"hexo","hostname":"Seine-PC","pid":5148,"level":20,"msg":"Added: \u001b[35mthemes/hexo-theme-next-master/source/css/_schemes/default/_search.styl\u001b[39m","time":"2016-03-16T06:17:02.729Z","v":0}
{"name":"hexo","hostname":"Seine-PC","pid":5148,"level":20,"msg":"Added: \u001b[35mthemes/hexo-theme-next-master/source/css/_variables/Mist.styl\u001b[39m","time":"2016-03-16T06:17:02.730Z","v":0}
{"name":"hexo","hostname":"Seine-PC","pid":5148,"level":20,"msg":"Added: \u001b[35mthemes/hexo-theme-next-master/source/css/_variables/base.styl\u001b[39m","time":"2016-03-16T06:17:02.731Z","v":0}
{"name":"hexo","hostname":"Seine-PC","pid":5148,"level":20,"msg":"Added: \u001b[35mthemes/hexo-theme-next-master/source/css/_variables/default.styl\u001b[39m","time":"2016-03-16T06:17:02.732Z","v":0}
{"name":"hexo","hostname":"Seine-PC","pid":5148,"level":20,"msg":"Added: \u001b[35mthemes/hexo-theme-next-master/source/css/main.styl\u001b[39m","time":"2016-03-16T06:17:02.733Z","v":0}
{"name":"hexo","hostname":"Seine-PC","pid":5148,"level":20,"msg":"Added: \u001b[35mthemes/hexo-theme-next-master/source/images/cc-by-nc-nd.svg\u001b[39m","time":"2016-03-16T06:17:02.735Z","v":0}
{"name":"hexo","hostname":"Seine-PC","pid":5148,"level":20,"msg":"Added: \u001b[35mthemes/hexo-theme-next-master/source/images/cc-by-nc-sa.svg\u001b[39m","time":"2016-03-16T06:17:02.736Z","v":0}
{"name":"hexo","hostname":"Seine-PC","pid":5148,"level":20,"msg":"Added: \u001b[35mthemes/hexo-theme-next-master/source/images/cc-by-nc.svg\u001b[39m","time":"2016-03-16T06:17:02.737Z","v":0}
{"name":"hexo","hostname":"Seine-PC","pid":5148,"level":20,"msg":"Added: \u001b[35mthemes/hexo-theme-next-master/source/images/cc-by-nd.svg\u001b[39m","time":"2016-03-16T06:17:02.737Z","v":0}
{"name":"hexo","hostname":"Seine-PC","pid":5148,"level":20,"msg":"Added: \u001b[35mthemes/hexo-theme-next-master/source/images/cc-by-sa.svg\u001b[39m","time":"2016-03-16T06:17:02.738Z","v":0}
{"name":"hexo","hostname":"Seine-PC","pid":5148,"level":20,"msg":"Added: \u001b[35mthemes/hexo-theme-next-master/source/images/loading.gif\u001b[39m","time":"2016-03-16T06:17:02.739Z","v":0}
{"name":"hexo","hostname":"Seine-PC","pid":5148,"level":20,"msg":"Added: \u001b[35mthemes/hexo-theme-next-master/source/images/cc-by.svg\u001b[39m","time":"2016-03-16T06:17:02.740Z","v":0}
{"name":"hexo","hostname":"Seine-PC","pid":5148,"level":20,"msg":"Added: \u001b[35mthemes/hexo-theme-next-master/source/images/placeholder.gif\u001b[39m","time":"2016-03-16T06:17:02.741Z","v":0}
{"name":"hexo","hostname":"Seine-PC","pid":5148,"level":20,"msg":"Added: \u001b[35mthemes/hexo-theme-next-master/source/images/cc-zero.svg\u001b[39m","time":"2016-03-16T06:17:02.741Z","v":0}
{"name":"hexo","hostname":"Seine-PC","pid":5148,"level":20,"msg":"Added: \u001b[35mthemes/hexo-theme-next-master/source/images/quote-l.svg\u001b[39m","time":"2016-03-16T06:17:02.743Z","v":0}
{"name":"hexo","hostname":"Seine-PC","pid":5148,"level":20,"msg":"Added: \u001b[35mthemes/hexo-theme-next-master/source/images/quote-r.svg\u001b[39m","time":"2016-03-16T06:17:02.743Z","v":0}
{"name":"hexo","hostname":"Seine-PC","pid":5148,"level":20,"msg":"Added: \u001b[35mthemes/hexo-theme-next-master/source/images/searchicon.png\u001b[39m","time":"2016-03-16T06:17:02.745Z","v":0}
{"name":"hexo","hostname":"Seine-PC","pid":5148,"level":20,"msg":"Added: \u001b[35mthemes/hexo-theme-next-master/source/js/bootstrap.js\u001b[39m","time":"2016-03-16T06:17:02.746Z","v":0}
{"name":"hexo","hostname":"Seine-PC","pid":5148,"level":20,"msg":"Added: \u001b[35mthemes/hexo-theme-next-master/source/js/bootstrap.scrollspy.js\u001b[39m","time":"2016-03-16T06:17:02.747Z","v":0}
{"name":"hexo","hostname":"Seine-PC","pid":5148,"level":20,"msg":"Added: \u001b[35mthemes/hexo-theme-next-master/source/js/fancy-box.js\u001b[39m","time":"2016-03-16T06:17:02.749Z","v":0}
{"name":"hexo","hostname":"Seine-PC","pid":5148,"level":20,"msg":"Added: \u001b[35mthemes/hexo-theme-next-master/source/js/helpers.js\u001b[39m","time":"2016-03-16T06:17:02.750Z","v":0}
{"name":"hexo","hostname":"Seine-PC","pid":5148,"level":20,"msg":"Added: \u001b[35mthemes/hexo-theme-next-master/source/js/hook-duoshuo.js\u001b[39m","time":"2016-03-16T06:17:02.750Z","v":0}
{"name":"hexo","hostname":"Seine-PC","pid":5148,"level":20,"msg":"Added: \u001b[35mthemes/hexo-theme-next-master/source/js/motion.js\u001b[39m","time":"2016-03-16T06:17:02.752Z","v":0}
{"name":"hexo","hostname":"Seine-PC","pid":5148,"level":20,"msg":"Added: \u001b[35mthemes/hexo-theme-next-master/source/vendors/fancybox/source/blank.gif\u001b[39m","time":"2016-03-16T06:17:02.753Z","v":0}
{"name":"hexo","hostname":"Seine-PC","pid":5148,"level":20,"msg":"Added: \u001b[35mthemes/hexo-theme-next-master/source/js/ua-parser.min.js\u001b[39m","time":"2016-03-16T06:17:02.754Z","v":0}
{"name":"hexo","hostname":"Seine-PC","pid":5148,"level":20,"msg":"Added: \u001b[35mthemes/hexo-theme-next-master/source/vendors/fancybox/source/fancybox_loading.gif\u001b[39m","time":"2016-03-16T06:17:02.755Z","v":0}
{"name":"hexo","hostname":"Seine-PC","pid":5148,"level":20,"msg":"Added: \u001b[35mthemes/hexo-theme-next-master/source/vendors/fancybox/source/fancybox_loading@2x.gif\u001b[39m","time":"2016-03-16T06:17:02.756Z","v":0}
{"name":"hexo","hostname":"Seine-PC","pid":5148,"level":20,"msg":"Added: \u001b[35mthemes/hexo-theme-next-master/source/vendors/fancybox/source/fancybox_overlay.png\u001b[39m","time":"2016-03-16T06:17:02.757Z","v":0}
{"name":"hexo","hostname":"Seine-PC","pid":5148,"level":20,"msg":"Added: \u001b[35mthemes/hexo-theme-next-master/source/vendors/fancybox/source/fancybox_sprite.png\u001b[39m","time":"2016-03-16T06:17:02.759Z","v":0}
{"name":"hexo","hostname":"Seine-PC","pid":5148,"level":20,"msg":"Added: \u001b[35mthemes/hexo-theme-next-master/source/vendors/fancybox/source/fancybox_sprite@2x.png\u001b[39m","time":"2016-03-16T06:17:02.760Z","v":0}
{"name":"hexo","hostname":"Seine-PC","pid":5148,"level":20,"msg":"Added: \u001b[35mthemes/hexo-theme-next-master/source/vendors/fancybox/source/helpers/fancybox_buttons.png\u001b[39m","time":"2016-03-16T06:17:02.761Z","v":0}
{"name":"hexo","hostname":"Seine-PC","pid":5148,"level":20,"msg":"Added: \u001b[35mthemes/hexo-theme-next-master/source/vendors/fancybox/source/helpers/jquery.fancybox-buttons.css\u001b[39m","time":"2016-03-16T06:17:02.762Z","v":0}
{"name":"hexo","hostname":"Seine-PC","pid":5148,"level":20,"msg":"Added: \u001b[35mthemes/hexo-theme-next-master/source/vendors/fancybox/source/helpers/jquery.fancybox-buttons.js\u001b[39m","time":"2016-03-16T06:17:02.763Z","v":0}
{"name":"hexo","hostname":"Seine-PC","pid":5148,"level":20,"msg":"Added: \u001b[35mthemes/hexo-theme-next-master/source/vendors/fancybox/source/helpers/jquery.fancybox-media.js\u001b[39m","time":"2016-03-16T06:17:02.765Z","v":0}
{"name":"hexo","hostname":"Seine-PC","pid":5148,"level":20,"msg":"Added: \u001b[35mthemes/hexo-theme-next-master/source/vendors/fancybox/source/helpers/jquery.fancybox-thumbs.css\u001b[39m","time":"2016-03-16T06:17:02.766Z","v":0}
{"name":"hexo","hostname":"Seine-PC","pid":5148,"level":20,"msg":"Added: \u001b[35mthemes/hexo-theme-next-master/source/vendors/fancybox/source/helpers/jquery.fancybox-thumbs.js\u001b[39m","time":"2016-03-16T06:17:02.767Z","v":0}
{"name":"hexo","hostname":"Seine-PC","pid":5148,"level":20,"msg":"Added: \u001b[35mthemes/hexo-theme-next-master/source/vendors/fancybox/source/jquery.fancybox.css\u001b[39m","time":"2016-03-16T06:17:02.768Z","v":0}
{"name":"hexo","hostname":"Seine-PC","pid":5148,"level":20,"msg":"Added: \u001b[35mthemes/hexo-theme-next-master/source/vendors/fancybox/source/jquery.fancybox.js\u001b[39m","time":"2016-03-16T06:17:02.768Z","v":0}
{"name":"hexo","hostname":"Seine-PC","pid":5148,"level":20,"msg":"Added: \u001b[35mthemes/hexo-theme-next-master/source/vendors/fastclick/bower.json\u001b[39m","time":"2016-03-16T06:17:02.769Z","v":0}
{"name":"hexo","hostname":"Seine-PC","pid":5148,"level":20,"msg":"Added: \u001b[35mthemes/hexo-theme-next-master/source/vendors/fastclick/LICENSE\u001b[39m","time":"2016-03-16T06:17:02.771Z","v":0}
{"name":"hexo","hostname":"Seine-PC","pid":5148,"level":20,"msg":"Added: \u001b[35mthemes/hexo-theme-next-master/source/vendors/fancybox/source/jquery.fancybox.pack.js\u001b[39m","time":"2016-03-16T06:17:02.772Z","v":0}
{"name":"hexo","hostname":"Seine-PC","pid":5148,"level":20,"msg":"Added: \u001b[35mthemes/hexo-theme-next-master/source/vendors/fastclick/README.md\u001b[39m","time":"2016-03-16T06:17:02.773Z","v":0}
{"name":"hexo","hostname":"Seine-PC","pid":5148,"level":20,"msg":"Added: \u001b[35mthemes/hexo-theme-next-master/source/vendors/font-awesome/HELP-US-OUT.txt\u001b[39m","time":"2016-03-16T06:17:02.774Z","v":0}
{"name":"hexo","hostname":"Seine-PC","pid":5148,"level":20,"msg":"Added: \u001b[35mthemes/hexo-theme-next-master/source/vendors/font-awesome/bower.json\u001b[39m","time":"2016-03-16T06:17:02.774Z","v":0}
{"name":"hexo","hostname":"Seine-PC","pid":5148,"level":20,"msg":"Added: \u001b[35mthemes/hexo-theme-next-master/source/vendors/fastclick/lib/fastclick.js\u001b[39m","time":"2016-03-16T06:17:02.775Z","v":0}
{"name":"hexo","hostname":"Seine-PC","pid":5148,"level":20,"msg":"Added: \u001b[35mthemes/hexo-theme-next-master/source/vendors/fastclick/lib/fastclick.min.js\u001b[39m","time":"2016-03-16T06:17:02.777Z","v":0}
{"name":"hexo","hostname":"Seine-PC","pid":5148,"level":20,"msg":"Added: \u001b[35mthemes/hexo-theme-next-master/source/vendors/font-awesome/css/font-awesome.css\u001b[39m","time":"2016-03-16T06:17:02.778Z","v":0}
{"name":"hexo","hostname":"Seine-PC","pid":5148,"level":20,"msg":"Added: \u001b[35mthemes/hexo-theme-next-master/source/vendors/font-awesome/css/font-awesome.css.map\u001b[39m","time":"2016-03-16T06:17:02.779Z","v":0}
{"name":"hexo","hostname":"Seine-PC","pid":5148,"level":20,"msg":"Added: \u001b[35mthemes/hexo-theme-next-master/source/vendors/font-awesome/css/font-awesome.min.css\u001b[39m","time":"2016-03-16T06:17:02.780Z","v":0}
{"name":"hexo","hostname":"Seine-PC","pid":5148,"level":20,"msg":"Added: \u001b[35mthemes/hexo-theme-next-master/source/vendors/font-awesome/fonts/fontawesome-webfont.woff2\u001b[39m","time":"2016-03-16T06:17:02.781Z","v":0}
{"name":"hexo","hostname":"Seine-PC","pid":5148,"level":20,"msg":"Added: \u001b[35mthemes/hexo-theme-next-master/source/vendors/jquery_lazyload/bower.json\u001b[39m","time":"2016-03-16T06:17:02.783Z","v":0}
{"name":"hexo","hostname":"Seine-PC","pid":5148,"level":20,"msg":"Added: \u001b[35mthemes/hexo-theme-next-master/source/vendors/jquery_lazyload/CONTRIBUTING.md\u001b[39m","time":"2016-03-16T06:17:02.785Z","v":0}
{"name":"hexo","hostname":"Seine-PC","pid":5148,"level":20,"msg":"Added: \u001b[35mthemes/hexo-theme-next-master/source/vendors/jquery_lazyload/README.md\u001b[39m","time":"2016-03-16T06:17:02.786Z","v":0}
{"name":"hexo","hostname":"Seine-PC","pid":5148,"level":20,"msg":"Added: \u001b[35mthemes/hexo-theme-next-master/source/vendors/jquery_lazyload/jquery.lazyload.js\u001b[39m","time":"2016-03-16T06:17:02.787Z","v":0}
{"name":"hexo","hostname":"Seine-PC","pid":5148,"level":20,"msg":"Added: \u001b[35mthemes/hexo-theme-next-master/source/vendors/velocity/bower.json\u001b[39m","time":"2016-03-16T06:17:02.788Z","v":0}
{"name":"hexo","hostname":"Seine-PC","pid":5148,"level":20,"msg":"Added: \u001b[35mthemes/hexo-theme-next-master/source/vendors/jquery_lazyload/jquery.scrollstop.js\u001b[39m","time":"2016-03-16T06:17:02.788Z","v":0}
{"name":"hexo","hostname":"Seine-PC","pid":5148,"level":20,"msg":"Added: \u001b[35mthemes/hexo-theme-next-master/source/vendors/velocity/velocity.min.js\u001b[39m","time":"2016-03-16T06:17:02.789Z","v":0}
{"name":"hexo","hostname":"Seine-PC","pid":5148,"level":20,"msg":"Added: \u001b[35mthemes/hexo-theme-next-master/source/vendors/velocity/velocity.ui.js\u001b[39m","time":"2016-03-16T06:17:02.791Z","v":0}
{"name":"hexo","hostname":"Seine-PC","pid":5148,"level":20,"msg":"Added: \u001b[35mthemes/hexo-theme-next-master/source/vendors/velocity/velocity.ui.min.js\u001b[39m","time":"2016-03-16T06:17:02.792Z","v":0}
{"name":"hexo","hostname":"Seine-PC","pid":5148,"level":20,"msg":"Added: \u001b[35mthemes/hexo-theme-next-master/test/helpers.js\u001b[39m","time":"2016-03-16T06:17:02.793Z","v":0}
{"name":"hexo","hostname":"Seine-PC","pid":5148,"level":20,"msg":"Added: \u001b[35mthemes/hexo-theme-next-master/test/intern.js\u001b[39m","time":"2016-03-16T06:17:02.794Z","v":0}
{"name":"hexo","hostname":"Seine-PC","pid":5148,"level":20,"msg":"Added: \u001b[35mthemes/hexo-theme-next-master/source/vendors/font-awesome/fonts/FontAwesome.otf\u001b[39m","time":"2016-03-16T06:17:02.831Z","v":0}
{"name":"hexo","hostname":"Seine-PC","pid":5148,"level":20,"msg":"Added: \u001b[35mthemes/hexo-theme-next-master/source/vendors/font-awesome/fonts/fontawesome-webfont.eot\u001b[39m","time":"2016-03-16T06:17:02.833Z","v":0}
{"name":"hexo","hostname":"Seine-PC","pid":5148,"level":20,"msg":"Added: \u001b[35mthemes/hexo-theme-next-master/source/vendors/font-awesome/fonts/fontawesome-webfont.woff\u001b[39m","time":"2016-03-16T06:17:02.835Z","v":0}
{"name":"hexo","hostname":"Seine-PC","pid":5148,"level":20,"msg":"Added: \u001b[35mthemes/hexo-theme-next-master/source/vendors/jquery/index.js\u001b[39m","time":"2016-03-16T06:17:02.836Z","v":0}
{"name":"hexo","hostname":"Seine-PC","pid":5148,"level":20,"msg":"Processed: \u001b[35m_posts/2015-06-24-MyFirstBlog.md\u001b[39m","time":"2016-03-16T06:17:02.863Z","v":0}
{"name":"hexo","hostname":"Seine-PC","pid":5148,"level":20,"msg":"Added: \u001b[35mthemes/hexo-theme-next-master/source/vendors/font-awesome/fonts/fontawesome-webfont.ttf\u001b[39m","time":"2016-03-16T06:17:02.867Z","v":0}
{"name":"hexo","hostname":"Seine-PC","pid":5148,"level":20,"msg":"Added: \u001b[35mthemes/hexo-theme-next-master/source/vendors/velocity/velocity.js\u001b[39m","time":"2016-03-16T06:17:02.870Z","v":0}
{"name":"hexo","hostname":"Seine-PC","pid":5148,"level":20,"msg":"Added: \u001b[35mthemes/hexo-theme-next-master/source/vendors/font-awesome/fonts/fontawesome-webfont.svg\u001b[39m","time":"2016-03-16T06:17:02.871Z","v":0}
{"name":"hexo","hostname":"Seine-PC","pid":5148,"level":20,"msg":"Processed: \u001b[35msource/vendors/velocity/velocity.ui.min.js\u001b[39m","time":"2016-03-16T06:17:02.875Z","v":0}
{"name":"hexo","hostname":"Seine-PC","pid":5148,"level":20,"msg":"Processed: \u001b[35msource/vendors/velocity/velocity.ui.js\u001b[39m","time":"2016-03-16T06:17:02.877Z","v":0}
{"name":"hexo","hostname":"Seine-PC","pid":5148,"level":20,"msg":"Processed: \u001b[35msource/vendors/velocity/velocity.min.js\u001b[39m","time":"2016-03-16T06:17:02.879Z","v":0}
{"name":"hexo","hostname":"Seine-PC","pid":5148,"level":20,"msg":"Processed: \u001b[35msource/vendors/velocity/velocity.js\u001b[39m","time":"2016-03-16T06:17:02.880Z","v":0}
{"name":"hexo","hostname":"Seine-PC","pid":5148,"level":20,"msg":"Processed: \u001b[35msource/vendors/velocity/bower.json\u001b[39m","time":"2016-03-16T06:17:02.881Z","v":0}
{"name":"hexo","hostname":"Seine-PC","pid":5148,"level":20,"msg":"Processed: \u001b[35msource/vendors/jquery_lazyload/jquery.scrollstop.js\u001b[39m","time":"2016-03-16T06:17:02.883Z","v":0}
{"name":"hexo","hostname":"Seine-PC","pid":5148,"level":20,"msg":"Processed: \u001b[35msource/vendors/jquery_lazyload/jquery.lazyload.js\u001b[39m","time":"2016-03-16T06:17:02.905Z","v":0}
{"name":"hexo","hostname":"Seine-PC","pid":5148,"level":20,"msg":"Processed: \u001b[35msource/vendors/jquery_lazyload/bower.json\u001b[39m","time":"2016-03-16T06:17:02.906Z","v":0}
{"name":"hexo","hostname":"Seine-PC","pid":5148,"level":20,"msg":"Processed: \u001b[35msource/vendors/jquery_lazyload/README.md\u001b[39m","time":"2016-03-16T06:17:02.907Z","v":0}
{"name":"hexo","hostname":"Seine-PC","pid":5148,"level":20,"msg":"Processed: \u001b[35msource/vendors/jquery_lazyload/CONTRIBUTING.md\u001b[39m","time":"2016-03-16T06:17:02.908Z","v":0}
{"name":"hexo","hostname":"Seine-PC","pid":5148,"level":20,"msg":"Processed: \u001b[35msource/vendors/jquery/index.js\u001b[39m","time":"2016-03-16T06:17:02.909Z","v":0}
{"name":"hexo","hostname":"Seine-PC","pid":5148,"level":20,"msg":"Processed: \u001b[35msource/vendors/font-awesome/fonts/fontawesome-webfont.woff2\u001b[39m","time":"2016-03-16T06:17:02.910Z","v":0}
{"name":"hexo","hostname":"Seine-PC","pid":5148,"level":20,"msg":"Processed: \u001b[35msource/vendors/font-awesome/fonts/fontawesome-webfont.woff\u001b[39m","time":"2016-03-16T06:17:02.911Z","v":0}
{"name":"hexo","hostname":"Seine-PC","pid":5148,"level":20,"msg":"Processed: \u001b[35msource/vendors/font-awesome/fonts/fontawesome-webfont.ttf\u001b[39m","time":"2016-03-16T06:17:02.913Z","v":0}
{"name":"hexo","hostname":"Seine-PC","pid":5148,"level":20,"msg":"Processed: \u001b[35msource/vendors/font-awesome/fonts/fontawesome-webfont.svg\u001b[39m","time":"2016-03-16T06:17:02.914Z","v":0}
{"name":"hexo","hostname":"Seine-PC","pid":5148,"level":20,"msg":"Processed: \u001b[35msource/vendors/font-awesome/fonts/fontawesome-webfont.eot\u001b[39m","time":"2016-03-16T06:17:02.916Z","v":0}
{"name":"hexo","hostname":"Seine-PC","pid":5148,"level":20,"msg":"Processed: \u001b[35msource/vendors/font-awesome/fonts/FontAwesome.otf\u001b[39m","time":"2016-03-16T06:17:02.917Z","v":0}
{"name":"hexo","hostname":"Seine-PC","pid":5148,"level":20,"msg":"Processed: \u001b[35msource/vendors/font-awesome/css/font-awesome.min.css\u001b[39m","time":"2016-03-16T06:17:02.919Z","v":0}
{"name":"hexo","hostname":"Seine-PC","pid":5148,"level":20,"msg":"Processed: \u001b[35msource/vendors/font-awesome/css/font-awesome.css.map\u001b[39m","time":"2016-03-16T06:17:02.920Z","v":0}
{"name":"hexo","hostname":"Seine-PC","pid":5148,"level":20,"msg":"Processed: \u001b[35msource/vendors/font-awesome/css/font-awesome.css\u001b[39m","time":"2016-03-16T06:17:02.921Z","v":0}
{"name":"hexo","hostname":"Seine-PC","pid":5148,"level":20,"msg":"Processed: \u001b[35msource/vendors/font-awesome/bower.json\u001b[39m","time":"2016-03-16T06:17:02.922Z","v":0}
{"name":"hexo","hostname":"Seine-PC","pid":5148,"level":20,"msg":"Processed: \u001b[35msource/vendors/font-awesome/HELP-US-OUT.txt\u001b[39m","time":"2016-03-16T06:17:02.924Z","v":0}
{"name":"hexo","hostname":"Seine-PC","pid":5148,"level":20,"msg":"Processed: \u001b[35msource/vendors/fastclick/lib/fastclick.min.js\u001b[39m","time":"2016-03-16T06:17:02.925Z","v":0}
{"name":"hexo","hostname":"Seine-PC","pid":5148,"level":20,"msg":"Processed: \u001b[35msource/vendors/fastclick/lib/fastclick.js\u001b[39m","time":"2016-03-16T06:17:02.926Z","v":0}
{"name":"hexo","hostname":"Seine-PC","pid":5148,"level":20,"msg":"Processed: \u001b[35msource/vendors/fastclick/bower.json\u001b[39m","time":"2016-03-16T06:17:02.927Z","v":0}
{"name":"hexo","hostname":"Seine-PC","pid":5148,"level":20,"msg":"Processed: \u001b[35msource/vendors/fastclick/README.md\u001b[39m","time":"2016-03-16T06:17:02.928Z","v":0}
{"name":"hexo","hostname":"Seine-PC","pid":5148,"level":20,"msg":"Processed: \u001b[35msource/vendors/fastclick/LICENSE\u001b[39m","time":"2016-03-16T06:17:02.929Z","v":0}
{"name":"hexo","hostname":"Seine-PC","pid":5148,"level":20,"msg":"Processed: \u001b[35msource/vendors/fancybox/source/jquery.fancybox.pack.js\u001b[39m","time":"2016-03-16T06:17:02.930Z","v":0}
{"name":"hexo","hostname":"Seine-PC","pid":5148,"level":20,"msg":"Processed: \u001b[35msource/vendors/fancybox/source/jquery.fancybox.js\u001b[39m","time":"2016-03-16T06:17:02.933Z","v":0}
{"name":"hexo","hostname":"Seine-PC","pid":5148,"level":20,"msg":"Processed: \u001b[35msource/vendors/fancybox/source/jquery.fancybox.css\u001b[39m","time":"2016-03-16T06:17:02.935Z","v":0}
{"name":"hexo","hostname":"Seine-PC","pid":5148,"level":20,"msg":"Processed: \u001b[35msource/vendors/fancybox/source/helpers/jquery.fancybox-thumbs.js\u001b[39m","time":"2016-03-16T06:17:02.936Z","v":0}
{"name":"hexo","hostname":"Seine-PC","pid":5148,"level":20,"msg":"Processed: \u001b[35msource/vendors/fancybox/source/helpers/jquery.fancybox-thumbs.css\u001b[39m","time":"2016-03-16T06:17:02.937Z","v":0}
{"name":"hexo","hostname":"Seine-PC","pid":5148,"level":20,"msg":"Processed: \u001b[35msource/vendors/fancybox/source/helpers/jquery.fancybox-media.js\u001b[39m","time":"2016-03-16T06:17:02.939Z","v":0}
{"name":"hexo","hostname":"Seine-PC","pid":5148,"level":20,"msg":"Processed: \u001b[35msource/vendors/fancybox/source/helpers/jquery.fancybox-buttons.js\u001b[39m","time":"2016-03-16T06:17:02.940Z","v":0}
{"name":"hexo","hostname":"Seine-PC","pid":5148,"level":20,"msg":"Processed: \u001b[35msource/vendors/fancybox/source/helpers/jquery.fancybox-buttons.css\u001b[39m","time":"2016-03-16T06:17:02.941Z","v":0}
{"name":"hexo","hostname":"Seine-PC","pid":5148,"level":20,"msg":"Processed: \u001b[35msource/vendors/fancybox/source/helpers/fancybox_buttons.png\u001b[39m","time":"2016-03-16T06:17:02.943Z","v":0}
{"name":"hexo","hostname":"Seine-PC","pid":5148,"level":20,"msg":"Processed: \u001b[35msource/vendors/fancybox/source/fancybox_sprite@2x.png\u001b[39m","time":"2016-03-16T06:17:02.944Z","v":0}
{"name":"hexo","hostname":"Seine-PC","pid":5148,"level":20,"msg":"Processed: \u001b[35msource/vendors/fancybox/source/fancybox_sprite.png\u001b[39m","time":"2016-03-16T06:17:02.945Z","v":0}
{"name":"hexo","hostname":"Seine-PC","pid":5148,"level":20,"msg":"Processed: \u001b[35msource/vendors/fancybox/source/fancybox_overlay.png\u001b[39m","time":"2016-03-16T06:17:02.946Z","v":0}
{"name":"hexo","hostname":"Seine-PC","pid":5148,"level":20,"msg":"Processed: \u001b[35msource/vendors/fancybox/source/fancybox_loading@2x.gif\u001b[39m","time":"2016-03-16T06:17:02.947Z","v":0}
{"name":"hexo","hostname":"Seine-PC","pid":5148,"level":20,"msg":"Processed: \u001b[35msource/vendors/fancybox/source/fancybox_loading.gif\u001b[39m","time":"2016-03-16T06:17:02.948Z","v":0}
{"name":"hexo","hostname":"Seine-PC","pid":5148,"level":20,"msg":"Processed: \u001b[35msource/vendors/fancybox/source/blank.gif\u001b[39m","time":"2016-03-16T06:17:02.950Z","v":0}
{"name":"hexo","hostname":"Seine-PC","pid":5148,"level":20,"msg":"Processed: \u001b[35msource/js/ua-parser.min.js\u001b[39m","time":"2016-03-16T06:17:02.951Z","v":0}
{"name":"hexo","hostname":"Seine-PC","pid":5148,"level":20,"msg":"Processed: \u001b[35msource/js/motion.js\u001b[39m","time":"2016-03-16T06:17:02.953Z","v":0}
{"name":"hexo","hostname":"Seine-PC","pid":5148,"level":20,"msg":"Processed: \u001b[35msource/js/hook-duoshuo.js\u001b[39m","time":"2016-03-16T06:17:02.954Z","v":0}
{"name":"hexo","hostname":"Seine-PC","pid":5148,"level":20,"msg":"Processed: \u001b[35msource/js/helpers.js\u001b[39m","time":"2016-03-16T06:17:02.955Z","v":0}
{"name":"hexo","hostname":"Seine-PC","pid":5148,"level":20,"msg":"Processed: \u001b[35msource/js/fancy-box.js\u001b[39m","time":"2016-03-16T06:17:02.956Z","v":0}
{"name":"hexo","hostname":"Seine-PC","pid":5148,"level":20,"msg":"Processed: \u001b[35msource/js/bootstrap.scrollspy.js\u001b[39m","time":"2016-03-16T06:17:02.957Z","v":0}
{"name":"hexo","hostname":"Seine-PC","pid":5148,"level":20,"msg":"Processed: \u001b[35msource/js/bootstrap.js\u001b[39m","time":"2016-03-16T06:17:02.958Z","v":0}
{"name":"hexo","hostname":"Seine-PC","pid":5148,"level":20,"msg":"Processed: \u001b[35msource/images/searchicon.png\u001b[39m","time":"2016-03-16T06:17:02.959Z","v":0}
{"name":"hexo","hostname":"Seine-PC","pid":5148,"level":20,"msg":"Processed: \u001b[35msource/images/quote-r.svg\u001b[39m","time":"2016-03-16T06:17:02.960Z","v":0}
{"name":"hexo","hostname":"Seine-PC","pid":5148,"level":20,"msg":"Processed: \u001b[35msource/images/quote-l.svg\u001b[39m","time":"2016-03-16T06:17:02.961Z","v":0}
{"name":"hexo","hostname":"Seine-PC","pid":5148,"level":20,"msg":"Processed: \u001b[35msource/images/placeholder.gif\u001b[39m","time":"2016-03-16T06:17:02.962Z","v":0}
{"name":"hexo","hostname":"Seine-PC","pid":5148,"level":20,"msg":"Processed: \u001b[35msource/images/loading.gif\u001b[39m","time":"2016-03-16T06:17:02.965Z","v":0}
{"name":"hexo","hostname":"Seine-PC","pid":5148,"level":20,"msg":"Processed: \u001b[35msource/images/cc-zero.svg\u001b[39m","time":"2016-03-16T06:17:02.968Z","v":0}
{"name":"hexo","hostname":"Seine-PC","pid":5148,"level":20,"msg":"Processed: \u001b[35msource/images/cc-by.svg\u001b[39m","time":"2016-03-16T06:17:02.969Z","v":0}
{"name":"hexo","hostname":"Seine-PC","pid":5148,"level":20,"msg":"Processed: \u001b[35msource/images/cc-by-sa.svg\u001b[39m","time":"2016-03-16T06:17:02.970Z","v":0}
{"name":"hexo","hostname":"Seine-PC","pid":5148,"level":20,"msg":"Processed: \u001b[35msource/images/cc-by-nd.svg\u001b[39m","time":"2016-03-16T06:17:02.970Z","v":0}
{"name":"hexo","hostname":"Seine-PC","pid":5148,"level":20,"msg":"Processed: \u001b[35msource/images/cc-by-nc.svg\u001b[39m","time":"2016-03-16T06:17:02.971Z","v":0}
{"name":"hexo","hostname":"Seine-PC","pid":5148,"level":20,"msg":"Processed: \u001b[35msource/images/cc-by-nc-sa.svg\u001b[39m","time":"2016-03-16T06:17:02.973Z","v":0}
{"name":"hexo","hostname":"Seine-PC","pid":5148,"level":20,"msg":"Processed: \u001b[35msource/images/cc-by-nc-nd.svg\u001b[39m","time":"2016-03-16T06:17:02.974Z","v":0}
{"name":"hexo","hostname":"Seine-PC","pid":5148,"level":20,"msg":"Processed: \u001b[35msource/css/main.styl\u001b[39m","time":"2016-03-16T06:17:02.975Z","v":0}
{"name":"hexo","hostname":"Seine-PC","pid":5148,"level":20,"msg":"Processed: \u001b[35mtags/index.md\u001b[39m","time":"2016-03-16T06:17:02.985Z","v":0}
{"name":"hexo","hostname":"Seine-PC","pid":5148,"level":20,"msg":"Processed: \u001b[35mimages/web5/8.gif\u001b[39m","time":"2016-03-16T06:17:02.986Z","v":0}
{"name":"hexo","hostname":"Seine-PC","pid":5148,"level":20,"msg":"Processed: \u001b[35mimages/web5/7.gif\u001b[39m","time":"2016-03-16T06:17:02.987Z","v":0}
{"name":"hexo","hostname":"Seine-PC","pid":5148,"level":20,"msg":"Processed: \u001b[35mimages/web5/6.gif\u001b[39m","time":"2016-03-16T06:17:02.988Z","v":0}
{"name":"hexo","hostname":"Seine-PC","pid":5148,"level":20,"msg":"Processed: \u001b[35mimages/web5/5.png\u001b[39m","time":"2016-03-16T06:17:02.990Z","v":0}
{"name":"hexo","hostname":"Seine-PC","pid":5148,"level":20,"msg":"Processed: \u001b[35mimages/web5/5.gif\u001b[39m","time":"2016-03-16T06:17:02.991Z","v":0}
{"name":"hexo","hostname":"Seine-PC","pid":5148,"level":20,"msg":"Processed: \u001b[35mimages/web5/4.png\u001b[39m","time":"2016-03-16T06:17:02.992Z","v":0}
{"name":"hexo","hostname":"Seine-PC","pid":5148,"level":20,"msg":"Processed: \u001b[35mimages/web5/4.gif\u001b[39m","time":"2016-03-16T06:17:02.993Z","v":0}
{"name":"hexo","hostname":"Seine-PC","pid":5148,"level":20,"msg":"Processed: \u001b[35mimages/web5/3.png\u001b[39m","time":"2016-03-16T06:17:02.994Z","v":0}
{"name":"hexo","hostname":"Seine-PC","pid":5148,"level":20,"msg":"Processed: \u001b[35mimages/web5/3.gif\u001b[39m","time":"2016-03-16T06:17:02.996Z","v":0}
{"name":"hexo","hostname":"Seine-PC","pid":5148,"level":20,"msg":"Processed: \u001b[35mimages/web5/2.png\u001b[39m","time":"2016-03-16T06:17:02.997Z","v":0}
{"name":"hexo","hostname":"Seine-PC","pid":5148,"level":20,"msg":"Processed: \u001b[35mimages/web5/2.gif\u001b[39m","time":"2016-03-16T06:17:02.999Z","v":0}
{"name":"hexo","hostname":"Seine-PC","pid":5148,"level":20,"msg":"Processed: \u001b[35mimages/web5/1.png\u001b[39m","time":"2016-03-16T06:17:03.001Z","v":0}
{"name":"hexo","hostname":"Seine-PC","pid":5148,"level":20,"msg":"Processed: \u001b[35mimages/web5/1.gif\u001b[39m","time":"2016-03-16T06:17:03.003Z","v":0}
{"name":"hexo","hostname":"Seine-PC","pid":5148,"level":20,"msg":"Processed: \u001b[35mimages/web2/example.png\u001b[39m","time":"2016-03-16T06:17:03.005Z","v":0}
{"name":"hexo","hostname":"Seine-PC","pid":5148,"level":20,"msg":"Processed: \u001b[35mimages/ubuntu1510/Ubuntu1510.png\u001b[39m","time":"2016-03-16T06:17:03.006Z","v":0}
{"name":"hexo","hostname":"Seine-PC","pid":5148,"level":20,"msg":"Processed: \u001b[35mimages/tools/mathematics10_3.png\u001b[39m","time":"2016-03-16T06:17:03.007Z","v":0}
{"name":"hexo","hostname":"Seine-PC","pid":5148,"level":20,"msg":"Processed: \u001b[35mimages/tools/SigmaPlot.png\u001b[39m","time":"2016-03-16T06:17:03.008Z","v":0}
{"name":"hexo","hostname":"Seine-PC","pid":5148,"level":20,"msg":"Processed: \u001b[35mimages/tools/Mathematica.png\u001b[39m","time":"2016-03-16T06:17:03.009Z","v":0}
{"name":"hexo","hostname":"Seine-PC","pid":5148,"level":20,"msg":"Processed: \u001b[35mimages/snow.png\u001b[39m","time":"2016-03-16T06:17:03.011Z","v":0}
{"name":"hexo","hostname":"Seine-PC","pid":5148,"level":20,"msg":"Processed: \u001b[35mimages/rss.png\u001b[39m","time":"2016-03-16T06:17:03.012Z","v":0}
{"name":"hexo","hostname":"Seine-PC","pid":5148,"level":20,"msg":"Processed: \u001b[35mimages/Editplus.png\u001b[39m","time":"2016-03-16T06:17:03.013Z","v":0}
{"name":"hexo","hostname":"Seine-PC","pid":5148,"level":20,"msg":"Processed: \u001b[35mimages/7.jpg\u001b[39m","time":"2016-03-16T06:17:03.015Z","v":0}
{"name":"hexo","hostname":"Seine-PC","pid":5148,"level":20,"msg":"Processed: \u001b[35mimages/6.jpg\u001b[39m","time":"2016-03-16T06:17:03.016Z","v":0}
{"name":"hexo","hostname":"Seine-PC","pid":5148,"level":20,"msg":"Processed: \u001b[35mimages/5.jpg\u001b[39m","time":"2016-03-16T06:17:03.017Z","v":0}
{"name":"hexo","hostname":"Seine-PC","pid":5148,"level":20,"msg":"Processed: \u001b[35mimages/4.jpg\u001b[39m","time":"2016-03-16T06:17:03.018Z","v":0}
{"name":"hexo","hostname":"Seine-PC","pid":5148,"level":20,"msg":"Processed: \u001b[35mimages/3.jpg\u001b[39m","time":"2016-03-16T06:17:03.019Z","v":0}
{"name":"hexo","hostname":"Seine-PC","pid":5148,"level":20,"msg":"Processed: \u001b[35mimages/2.jpg\u001b[39m","time":"2016-03-16T06:17:03.020Z","v":0}
{"name":"hexo","hostname":"Seine-PC","pid":5148,"level":20,"msg":"Processed: \u001b[35mimages/1.jpg\u001b[39m","time":"2016-03-16T06:17:03.022Z","v":0}
{"name":"hexo","hostname":"Seine-PC","pid":5148,"level":20,"msg":"Processed: \u001b[35mlayout/tag.swig\u001b[39m","time":"2016-03-16T06:17:03.025Z","v":0}
{"name":"hexo","hostname":"Seine-PC","pid":5148,"level":20,"msg":"Processed: \u001b[35mcategories/index.md\u001b[39m","time":"2016-03-16T06:17:03.027Z","v":0}
{"name":"hexo","hostname":"Seine-PC","pid":5148,"level":20,"msg":"Processed: \u001b[35mlayout/post.swig\u001b[39m","time":"2016-03-16T06:17:03.032Z","v":0}
{"name":"hexo","hostname":"Seine-PC","pid":5148,"level":20,"msg":"Processed: \u001b[35mabout/index.md\u001b[39m","time":"2016-03-16T06:17:03.033Z","v":0}
{"name":"hexo","hostname":"Seine-PC","pid":5148,"level":20,"msg":"Processed: \u001b[35m_posts/2016-03-03-NewHadoopSetup.md\u001b[39m","time":"2016-03-16T06:17:03.041Z","v":0}
{"name":"hexo","hostname":"Seine-PC","pid":5148,"level":20,"msg":"Processed: \u001b[35mlayout/page.swig\u001b[39m","time":"2016-03-16T06:17:03.042Z","v":0}
{"name":"hexo","hostname":"Seine-PC","pid":5148,"level":50,"err":{"message":"can not read a block mapping entry; a multiline key may not be an implicit key at line 9, column 1:\n    \n    ^","name":"YAMLException","stack":"YAMLException: can not read a block mapping entry; a multiline key may not be an implicit key at line 9, column 1:\n    \n    ^\n    at generateError (C:\\Users\\Seine\\Documents\\GitHub\\next\\node_modules\\hexo\\node_modules\\js-yaml\\lib\\js-yaml\\loader.js:160:10)\n    at throwError (C:\\Users\\Seine\\Documents\\GitHub\\next\\node_modules\\hexo\\node_modules\\js-yaml\\lib\\js-yaml\\loader.js:166:9)\n    at readBlockMapping (C:\\Users\\Seine\\Documents\\GitHub\\next\\node_modules\\hexo\\node_modules\\js-yaml\\lib\\js-yaml\\loader.js:1027:9)\n    at composeNode (C:\\Users\\Seine\\Documents\\GitHub\\next\\node_modules\\hexo\\node_modules\\js-yaml\\lib\\js-yaml\\loader.js:1315:12)\n    at readDocument (C:\\Users\\Seine\\Documents\\GitHub\\next\\node_modules\\hexo\\node_modules\\js-yaml\\lib\\js-yaml\\loader.js:1478:3)\n    at loadDocuments (C:\\Users\\Seine\\Documents\\GitHub\\next\\node_modules\\hexo\\node_modules\\js-yaml\\lib\\js-yaml\\loader.js:1538:5)\n    at Object.load (C:\\Users\\Seine\\Documents\\GitHub\\next\\node_modules\\hexo\\node_modules\\js-yaml\\lib\\js-yaml\\loader.js:1555:19)\n    at parseYAML (C:\\Users\\Seine\\Documents\\GitHub\\next\\node_modules\\hexo\\node_modules\\hexo-front-matter\\lib\\front_matter.js:80:21)\n    at parse (C:\\Users\\Seine\\Documents\\GitHub\\next\\node_modules\\hexo\\node_modules\\hexo-front-matter\\lib\\front_matter.js:56:12)\n    at C:\\Users\\Seine\\Documents\\GitHub\\next\\node_modules\\hexo\\lib\\plugins\\processor\\post.js:87:16\n    at tryCatcher (C:\\Users\\Seine\\Documents\\GitHub\\next\\node_modules\\hexo\\node_modules\\bluebird\\js\\main\\util.js:26:23)\n    at Promise._settlePromiseFromHandler (C:\\Users\\Seine\\Documents\\GitHub\\next\\node_modules\\hexo\\node_modules\\bluebird\\js\\main\\promise.js:505:31)\n    at Promise._settlePromiseAt (C:\\Users\\Seine\\Documents\\GitHub\\next\\node_modules\\hexo\\node_modules\\bluebird\\js\\main\\promise.js:581:18)\n    at Promise._settlePromises (C:\\Users\\Seine\\Documents\\GitHub\\next\\node_modules\\hexo\\node_modules\\bluebird\\js\\main\\promise.js:697:14)\n    at Async._drainQueue (C:\\Users\\Seine\\Documents\\GitHub\\next\\node_modules\\hexo\\node_modules\\bluebird\\js\\main\\async.js:123:16)\n    at Async._drainQueues (C:\\Users\\Seine\\Documents\\GitHub\\next\\node_modules\\hexo\\node_modules\\bluebird\\js\\main\\async.js:133:10)\n    at Immediate.Async.drainQueues [as _onImmediate] (C:\\Users\\Seine\\Documents\\GitHub\\next\\node_modules\\hexo\\node_modules\\bluebird\\js\\main\\async.js:15:14)\n    at processImmediate [as _immediateCallback] (timers.js:374:17)"},"msg":"Process failed: \u001b[35m_posts/2016-03-02-WindowsWithUbuntu.md\u001b[39m","time":"2016-03-16T06:17:03.048Z","v":0}
{"name":"hexo","hostname":"Seine-PC","pid":5148,"level":20,"msg":"Processed: \u001b[35mlayout/index.swig\u001b[39m","time":"2016-03-16T06:17:03.052Z","v":0}
{"name":"hexo","hostname":"Seine-PC","pid":5148,"level":20,"msg":"Processed: \u001b[35mlayout/category.swig\u001b[39m","time":"2016-03-16T06:17:03.056Z","v":0}
{"name":"hexo","hostname":"Seine-PC","pid":5148,"level":20,"msg":"Processed: \u001b[35m_posts/2015-12-26-Mathematica.md\u001b[39m","time":"2016-03-16T06:17:03.063Z","v":0}
{"name":"hexo","hostname":"Seine-PC","pid":5148,"level":20,"msg":"Processed: \u001b[35mlayout/archive.swig\u001b[39m","time":"2016-03-16T06:17:03.069Z","v":0}
{"name":"hexo","hostname":"Seine-PC","pid":5148,"level":20,"msg":"Processed: \u001b[35m_posts/2015-12-12-Markdown语法及规范.md\u001b[39m","time":"2016-03-16T06:17:03.074Z","v":0}
{"name":"hexo","hostname":"Seine-PC","pid":5148,"level":20,"msg":"Processed: \u001b[35mlayout/_scripts/tinysou.swig\u001b[39m","time":"2016-03-16T06:17:03.076Z","v":0}
{"name":"hexo","hostname":"Seine-PC","pid":5148,"level":20,"msg":"Processed: \u001b[35m_posts/2015-11-25-SigmaPlot.md\u001b[39m","time":"2016-03-16T06:17:03.080Z","v":0}
{"name":"hexo","hostname":"Seine-PC","pid":5148,"level":20,"msg":"Processed: \u001b[35mlayout/_scripts/pages/post-details.swig\u001b[39m","time":"2016-03-16T06:17:03.086Z","v":0}
{"name":"hexo","hostname":"Seine-PC","pid":5148,"level":20,"msg":"Processed: \u001b[35m_posts/2015-10-23-JavaRandom.md\u001b[39m","time":"2016-03-16T06:17:03.091Z","v":0}
{"name":"hexo","hostname":"Seine-PC","pid":5148,"level":20,"msg":"Processed: \u001b[35mlayout/_scripts/motion.swig\u001b[39m","time":"2016-03-16T06:17:03.095Z","v":0}
{"name":"hexo","hostname":"Seine-PC","pid":5148,"level":20,"msg":"Processed: \u001b[35m_posts/2015-10-10-Web5.md\u001b[39m","time":"2016-03-16T06:17:03.100Z","v":0}
{"name":"hexo","hostname":"Seine-PC","pid":5148,"level":20,"msg":"Processed: \u001b[35mlayout/_scripts/mathjax.swig\u001b[39m","time":"2016-03-16T06:17:03.104Z","v":0}
{"name":"hexo","hostname":"Seine-PC","pid":5148,"level":20,"msg":"Processed: \u001b[35m_posts/2015-09-29-Web4.md\u001b[39m","time":"2016-03-16T06:17:03.108Z","v":0}
{"name":"hexo","hostname":"Seine-PC","pid":5148,"level":20,"msg":"Processed: \u001b[35mlayout/_scripts/helpers.swig\u001b[39m","time":"2016-03-16T06:17:03.111Z","v":0}
{"name":"hexo","hostname":"Seine-PC","pid":5148,"level":20,"msg":"Processed: \u001b[35m_posts/2015-09-22-Web3.md\u001b[39m","time":"2016-03-16T06:17:03.116Z","v":0}
{"name":"hexo","hostname":"Seine-PC","pid":5148,"level":20,"msg":"Processed: \u001b[35mlayout/_scripts/fancy-box.swig\u001b[39m","time":"2016-03-16T06:17:03.120Z","v":0}
{"name":"hexo","hostname":"Seine-PC","pid":5148,"level":20,"msg":"Processed: \u001b[35m_posts/2015-09-15-Web2.md\u001b[39m","time":"2016-03-16T06:17:03.125Z","v":0}
{"name":"hexo","hostname":"Seine-PC","pid":5148,"level":20,"msg":"Processed: \u001b[35mlayout/_scripts/comments/duoshuo.swig\u001b[39m","time":"2016-03-16T06:17:03.129Z","v":0}
{"name":"hexo","hostname":"Seine-PC","pid":5148,"level":20,"msg":"Processed: \u001b[35m_posts/2015-09-08-Web1.md\u001b[39m","time":"2016-03-16T06:17:03.133Z","v":0}
{"name":"hexo","hostname":"Seine-PC","pid":5148,"level":20,"msg":"Processed: \u001b[35mlayout/_scripts/comments/disqus.swig\u001b[39m","time":"2016-03-16T06:17:03.137Z","v":0}
{"name":"hexo","hostname":"Seine-PC","pid":5148,"level":20,"msg":"Processed: \u001b[35m_posts/2015-08-12-WriteAndChange.md\u001b[39m","time":"2016-03-16T06:17:03.139Z","v":0}
{"name":"hexo","hostname":"Seine-PC","pid":5148,"level":20,"msg":"Processed: \u001b[35mlayout/_scripts/bootstrap.scrollspy.swig\u001b[39m","time":"2016-03-16T06:17:03.141Z","v":0}
{"name":"hexo","hostname":"Seine-PC","pid":5148,"level":20,"msg":"Processed: \u001b[35m_posts/2015-06-26-Positive_Energy.md\u001b[39m","time":"2016-03-16T06:17:03.145Z","v":0}
{"name":"hexo","hostname":"Seine-PC","pid":5148,"level":20,"msg":"Processed: \u001b[35mlayout/_scripts/baidushare.swig\u001b[39m","time":"2016-03-16T06:17:03.149Z","v":0}
{"name":"hexo","hostname":"Seine-PC","pid":5148,"level":20,"msg":"Processed: \u001b[35m_posts/2015-06-25-HadoopSetup.md\u001b[39m","time":"2016-03-16T06:17:03.152Z","v":0}
{"name":"hexo","hostname":"Seine-PC","pid":5148,"level":20,"msg":"Processed: \u001b[35mlayout/_scripts/analytics.swig\u001b[39m","time":"2016-03-16T06:17:03.196Z","v":0}
{"name":"hexo","hostname":"Seine-PC","pid":5148,"level":20,"msg":"Processed: \u001b[35mlayout/_scripts/analytics/google-analytics.swig\u001b[39m","time":"2016-03-16T06:17:03.198Z","v":0}
{"name":"hexo","hostname":"Seine-PC","pid":5148,"level":20,"msg":"Processed: \u001b[35mlayout/_scripts/analytics/facebook-sdk.swig\u001b[39m","time":"2016-03-16T06:17:03.202Z","v":0}
{"name":"hexo","hostname":"Seine-PC","pid":5148,"level":20,"msg":"Processed: \u001b[35mlayout/_scripts/analytics/baidu-analytics.swig\u001b[39m","time":"2016-03-16T06:17:03.205Z","v":0}
{"name":"hexo","hostname":"Seine-PC","pid":5148,"level":20,"msg":"Processed: \u001b[35mlayout/_partials/share/jiathis.swig\u001b[39m","time":"2016-03-16T06:17:03.206Z","v":0}
{"name":"hexo","hostname":"Seine-PC","pid":5148,"level":20,"msg":"Processed: \u001b[35mlayout/_partials/share/duoshuo_share.swig\u001b[39m","time":"2016-03-16T06:17:03.218Z","v":0}
{"name":"hexo","hostname":"Seine-PC","pid":5148,"level":20,"msg":"Processed: \u001b[35mlayout/_partials/search.swig\u001b[39m","time":"2016-03-16T06:17:03.220Z","v":0}
{"name":"hexo","hostname":"Seine-PC","pid":5148,"level":20,"msg":"Processed: \u001b[35mlayout/_partials/search/tinysou.swig\u001b[39m","time":"2016-03-16T06:17:03.222Z","v":0}
{"name":"hexo","hostname":"Seine-PC","pid":5148,"level":20,"msg":"Processed: \u001b[35mlayout/_partials/search/swiftype.swig\u001b[39m","time":"2016-03-16T06:17:03.224Z","v":0}
{"name":"hexo","hostname":"Seine-PC","pid":5148,"level":20,"msg":"Processed: \u001b[35mlayout/_partials/pagination.swig\u001b[39m","time":"2016-03-16T06:17:03.242Z","v":0}
{"name":"hexo","hostname":"Seine-PC","pid":5148,"level":20,"msg":"Processed: \u001b[35mlayout/_partials/old-browsers.swig\u001b[39m","time":"2016-03-16T06:17:03.255Z","v":0}
{"name":"hexo","hostname":"Seine-PC","pid":5148,"level":20,"msg":"Processed: \u001b[35mlayout/_partials/header.swig\u001b[39m","time":"2016-03-16T06:17:03.257Z","v":0}
{"name":"hexo","hostname":"Seine-PC","pid":5148,"level":20,"msg":"Processed: \u001b[35mlayout/_partials/head.swig\u001b[39m","time":"2016-03-16T06:17:03.259Z","v":0}
{"name":"hexo","hostname":"Seine-PC","pid":5148,"level":20,"msg":"Processed: \u001b[35mlayout/_partials/footer.swig\u001b[39m","time":"2016-03-16T06:17:03.260Z","v":0}
{"name":"hexo","hostname":"Seine-PC","pid":5148,"level":20,"msg":"Processed: \u001b[35mlayout/_partials/duoshuo-hot-articles.swig\u001b[39m","time":"2016-03-16T06:17:03.267Z","v":0}
{"name":"hexo","hostname":"Seine-PC","pid":5148,"level":20,"msg":"Processed: \u001b[35mlayout/_partials/comments.swig\u001b[39m","time":"2016-03-16T06:17:03.277Z","v":0}
{"name":"hexo","hostname":"Seine-PC","pid":5148,"level":20,"msg":"Processed: \u001b[35mlayout/_macro/sidebar.swig\u001b[39m","time":"2016-03-16T06:17:03.279Z","v":0}
{"name":"hexo","hostname":"Seine-PC","pid":5148,"level":20,"msg":"Processed: \u001b[35mlayout/_macro/post.swig\u001b[39m","time":"2016-03-16T06:17:03.280Z","v":0}
{"name":"hexo","hostname":"Seine-PC","pid":5148,"level":20,"msg":"Processed: \u001b[35mlayout/_macro/post-collapse.swig\u001b[39m","time":"2016-03-16T06:17:03.281Z","v":0}
{"name":"hexo","hostname":"Seine-PC","pid":5148,"level":20,"msg":"Processed: \u001b[35mlayout/_layout.swig\u001b[39m","time":"2016-03-16T06:17:03.282Z","v":0}
{"name":"hexo","hostname":"Seine-PC","pid":5148,"level":20,"msg":"Processed: \u001b[35mlanguages/zh-tw.yml\u001b[39m","time":"2016-03-16T06:17:03.295Z","v":0}
{"name":"hexo","hostname":"Seine-PC","pid":5148,"level":20,"msg":"Processed: \u001b[35mlanguages/zh-hk.yml\u001b[39m","time":"2016-03-16T06:17:03.301Z","v":0}
{"name":"hexo","hostname":"Seine-PC","pid":5148,"level":20,"msg":"Processed: \u001b[35mlanguages/zh-Hans.yml\u001b[39m","time":"2016-03-16T06:17:03.307Z","v":0}
{"name":"hexo","hostname":"Seine-PC","pid":5148,"level":20,"msg":"Processed: \u001b[35mlanguages/ru.yml\u001b[39m","time":"2016-03-16T06:17:03.310Z","v":0}
{"name":"hexo","hostname":"Seine-PC","pid":5148,"level":20,"msg":"Processed: \u001b[35mlanguages/pt.yml\u001b[39m","time":"2016-03-16T06:17:03.312Z","v":0}
{"name":"hexo","hostname":"Seine-PC","pid":5148,"level":20,"msg":"Processed: \u001b[35mlanguages/fr-FR.yml\u001b[39m","time":"2016-03-16T06:17:03.313Z","v":0}
{"name":"hexo","hostname":"Seine-PC","pid":5148,"level":20,"msg":"Processed: \u001b[35mlanguages/en.yml\u001b[39m","time":"2016-03-16T06:17:03.315Z","v":0}
{"name":"hexo","hostname":"Seine-PC","pid":5148,"level":20,"msg":"Processed: \u001b[35mlanguages/default.yml\u001b[39m","time":"2016-03-16T06:17:03.317Z","v":0}
{"name":"hexo","hostname":"Seine-PC","pid":5148,"level":20,"msg":"Processed: \u001b[35mlanguages/de.yml\u001b[39m","time":"2016-03-16T06:17:03.319Z","v":0}
{"name":"hexo","hostname":"Seine-PC","pid":5148,"level":20,"msg":"Theme config loaded.","time":"2016-03-16T06:17:03.322Z","v":0}
{"name":"hexo","hostname":"Seine-PC","pid":5148,"level":20,"msg":"Processed: \u001b[35m_config.yml\u001b[39m","time":"2016-03-16T06:17:03.322Z","v":0}
{"name":"hexo","hostname":"Seine-PC","pid":5148,"level":20,"msg":"Generator: \u001b[35mpage\u001b[39m","time":"2016-03-16T06:17:06.777Z","v":0}
{"name":"hexo","hostname":"Seine-PC","pid":5148,"level":20,"msg":"Generator: \u001b[35mpost\u001b[39m","time":"2016-03-16T06:17:06.779Z","v":0}
{"name":"hexo","hostname":"Seine-PC","pid":5148,"level":20,"msg":"Generator: \u001b[35marchive\u001b[39m","time":"2016-03-16T06:17:06.781Z","v":0}
{"name":"hexo","hostname":"Seine-PC","pid":5148,"level":20,"msg":"Generator: \u001b[35mindex\u001b[39m","time":"2016-03-16T06:17:06.783Z","v":0}
{"name":"hexo","hostname":"Seine-PC","pid":5148,"level":20,"msg":"Generator: \u001b[35mcategory\u001b[39m","time":"2016-03-16T06:17:06.786Z","v":0}
{"name":"hexo","hostname":"Seine-PC","pid":5148,"level":20,"msg":"Generator: \u001b[35mtag\u001b[39m","time":"2016-03-16T06:17:06.787Z","v":0}
{"name":"hexo","hostname":"Seine-PC","pid":5148,"level":20,"msg":"Generator: \u001b[35masset\u001b[39m","time":"2016-03-16T06:17:06.819Z","v":0}
{"name":"hexo","hostname":"Seine-PC","pid":5148,"level":30,"msg":"Hexo is running at \u001b[4mhttp://0.0.0.0:4000/\u001b[24m. Press Ctrl+C to stop.","time":"2016-03-16T06:17:06.861Z","v":0}
{"name":"hexo","hostname":"Seine-PC","pid":5148,"level":20,"msg":"Database saved","time":"2016-03-16T06:17:06.888Z","v":0}
{"name":"hexo","hostname":"Seine-PC","pid":5148,"level":20,"msg":"Rendering index: \u001b[35mindex.html\u001b[39m","time":"2016-03-16T06:17:25.919Z","v":0}
{"name":"hexo","hostname":"Seine-PC","pid":5148,"level":20,"msg":"Rendering index: \u001b[35mindex.html\u001b[39m","time":"2016-03-16T06:17:43.280Z","v":0}
{"name":"hexo","hostname":"Seine-PC","pid":5148,"level":20,"msg":"Rendering index: \u001b[35mindex.html\u001b[39m","time":"2016-03-16T06:17:58.498Z","v":0}
